#
# There is insufficient memory for the Java Runtime Environment to continue.
# Native memory allocation (mmap) failed to map 79691776 bytes for committing reserved memory.
# Possible reasons:
#   The system is out of physical RAM or swap space
#   In 32 bit mode, the process size limit was hit
# Possible solutions:
#   Reduce memory load on the system
#   Increase physical memory or swap space
#   Check if swap backing store is full
#   Use 64 bit Java on a 64 bit OS
#   Decrease Java heap size (-Xmx/-Xms)
#   Decrease number of Java threads
#   Decrease Java thread stack sizes (-Xss)
#   Set larger code cache with -XX:ReservedCodeCacheSize=
# This output file may be truncated or incomplete.
#
#  Out of Memory Error (os_linux.cpp:2643), pid=8122, tid=0x00007f1fe901b700
#
# JRE version: OpenJDK Runtime Environment (8.0_151-b12) (build 1.8.0_151-8u151-b12-0ubuntu0.16.04.2-b12)
# Java VM: OpenJDK 64-Bit Server VM (25.151-b12 mixed mode linux-amd64 compressed oops)
# Failed to write core dump. Core dumps have been disabled. To enable core dumping, try "ulimit -c unlimited" before starting Java again
#

---------------  T H R E A D  ---------------

Current thread (0x00007f2000077800):  VMThread [stack: 0x00007f1fe8f1b000,0x00007f1fe901c000] [id=8135]

Stack: [0x00007f1fe8f1b000,0x00007f1fe901c000],  sp=0x00007f1fe901a4a0,  free space=1021k
Native frames: (J=compiled Java code, j=interpreted, Vv=VM code, C=native code)
V  [libjvm.so+0xa684eb]
V  [libjvm.so+0x4c579c]
V  [libjvm.so+0x8b6b50]
V  [libjvm.so+0x8b0fce]
V  [libjvm.so+0x92b806]
V  [libjvm.so+0x92cb33]
V  [libjvm.so+0x9291fb]
V  [libjvm.so+0x922029]
V  [libjvm.so+0x449973]
V  [libjvm.so+0xa69a79]
V  [libjvm.so+0xa6f277]
V  [libjvm.so+0xa6ca47]
V  [libjvm.so+0xa6decf]
V  [libjvm.so+0xa6e3c1]
V  [libjvm.so+0x8b4032]

VM_Operation (0x00007f2007b95970): CollectForMetadataAllocation, mode: safepoint, requested by thread 0x00007f200000a000


---------------  P R O C E S S  ---------------

Java Threads: ( => current thread )
  0x00007f2001166000 JavaThread "pool-1-thread-1" [_thread_blocked, id=8146, stack(0x00007f1fe25e7000,0x00007f1fe26e8000)]
  0x00007f20000c1800 JavaThread "Service Thread" daemon [_thread_blocked, id=8142, stack(0x00007f1fe853c000,0x00007f1fe863d000)]
  0x00007f20000b2000 JavaThread "C1 CompilerThread2" daemon [_thread_blocked, id=8141, stack(0x00007f1fe863d000,0x00007f1fe873e000)]
  0x00007f20000b0000 JavaThread "C2 CompilerThread1" daemon [_thread_blocked, id=8140, stack(0x00007f1fe873e000,0x00007f1fe883f000)]
  0x00007f20000ad000 JavaThread "C2 CompilerThread0" daemon [_thread_blocked, id=8139, stack(0x00007f1fe883f000,0x00007f1fe8940000)]
  0x00007f20000ab000 JavaThread "Signal Dispatcher" daemon [_thread_blocked, id=8138, stack(0x00007f1fe8940000,0x00007f1fe8a41000)]
  0x00007f2000083800 JavaThread "Finalizer" daemon [_thread_blocked, id=8137, stack(0x00007f1fe8d19000,0x00007f1fe8e1a000)]
  0x00007f200007f000 JavaThread "Reference Handler" daemon [_thread_blocked, id=8136, stack(0x00007f1fe8e1a000,0x00007f1fe8f1b000)]
  0x00007f200000a000 JavaThread "main" [_thread_blocked, id=8130, stack(0x00007f2007a9d000,0x00007f2007b9e000)]

Other Threads:
=>0x00007f2000077800 VMThread [stack: 0x00007f1fe8f1b000,0x00007f1fe901c000] [id=8135]
  0x00007f20000c4000 WatcherThread [stack: 0x00007f1fe843b000,0x00007f1fe853c000] [id=8143]

VM state:at safepoint (normal execution)

VM Mutex/Monitor currently owned by a thread:  ([mutex/lock_event])
[0x00007f20000061d0] Threads_lock - owner thread: 0x00007f2000077800
[0x00007f20000066d0] Heap_lock - owner thread: 0x00007f200000a000

Heap:
 PSYoungGen      total 64000K, used 2532K [0x00000000ec000000, 0x00000000f0100000, 0x0000000100000000)
  eden space 61440K, 0% used [0x00000000ec000000,0x00000000ec000000,0x00000000efc00000)
  from space 2560K, 98% used [0x00000000efc00000,0x00000000efe79030,0x00000000efe80000)
  to   space 2560K, 0% used [0x00000000efe80000,0x00000000efe80000,0x00000000f0100000)
 ParOldGen       total 40960K, used 14715K [0x00000000c4000000, 0x00000000c6800000, 0x00000000ec000000)
  object space 40960K, 35% used [0x00000000c4000000,0x00000000c4e5ed28,0x00000000c6800000)
 Metaspace       used 20917K, capacity 21132K, committed 21296K, reserved 1067008K
  class space    used 2811K, capacity 2901K, committed 2944K, reserved 1048576K

Card table byte_map: [0x00007f1ff0e1f000,0x00007f1ff1000000] byte_map_base: 0x00007f1ff07ff000

Marking Bits: (ParMarkBitMap*) 0x00007f2006d6a2c0
 Begin Bits: [0x00007f1fea200000, 0x00007f1feb100000)
 End Bits:   [0x00007f1feb100000, 0x00007f1fec000000)

Polling page: 0x00007f2007bbc000

CodeCache: size=245760Kb used=6068Kb max_used=6080Kb free=239691Kb
 bounds [0x00007f1ff1000000, 0x00007f1ff1600000, 0x00007f2000000000]
 total_blobs=2013 nmethods=1415 adapters=512
 compilation: enabled

Compilation events (10 events):
Event: 14.443 Thread 0x00007f20000ad000 nmethod 1423 0x00007f1ff15a6750 code [0x00007f1ff15a68a0, 0x00007f1ff15a6938]
Event: 14.443 Thread 0x00007f20000b0000 nmethod 1424 0x00007f1ff15c9c10 code [0x00007f1ff15c9d80, 0x00007f1ff15ca0d8]
Event: 14.447 Thread 0x00007f20000ad000 1425   !   4       java.lang.ref.Finalizer::add (41 bytes)
Event: 14.447 Thread 0x00007f20000b2000 1428       3       java.security.SecureClassLoader::defineClass (16 bytes)
Event: 14.447 Thread 0x00007f20000b0000 1426   !   4       java.util.zip.ZipFile$ZipFileInputStream::close (110 bytes)
Event: 14.447 Thread 0x00007f20000b2000 nmethod 1428 0x00007f1ff15cf090 code [0x00007f1ff15cf200, 0x00007f1ff15cf478]
Event: 14.448 Thread 0x00007f20000ad000 nmethod 1425 0x00007f1ff15cebd0 code [0x00007f1ff15ced20, 0x00007f1ff15cefb8]
Event: 14.557 Thread 0x00007f20000b0000 nmethod 1426 0x00007f1ff15cb490 code [0x00007f1ff15cb640, 0x00007f1ff15cbf08]
Event: 14.576 Thread 0x00007f20000ad000 1429       4       java.lang.AbstractStringBuilder::append (62 bytes)
Event: 15.874 Thread 0x00007f20000ad000 nmethod 1429 0x00007f1ff15a0e50 code [0x00007f1ff15a0fe0, 0x00007f1ff15a16f8]

GC Heap History (9 events):
Event: 0.852 GC heap before
{Heap before GC invocations=1 (full 0):
 PSYoungGen      total 17920K, used 15360K [0x00000000ec000000, 0x00000000ed400000, 0x0000000100000000)
  eden space 15360K, 100% used [0x00000000ec000000,0x00000000ecf00000,0x00000000ecf00000)
  from space 2560K, 0% used [0x00000000ed180000,0x00000000ed180000,0x00000000ed400000)
  to   space 2560K, 0% used [0x00000000ecf00000,0x00000000ecf00000,0x00000000ed180000)
 ParOldGen       total 40960K, used 0K [0x00000000c4000000, 0x00000000c6800000, 0x00000000ec000000)
  object space 40960K, 0% used [0x00000000c4000000,0x00000000c4000000,0x00000000c6800000)
 Metaspace       used 6162K, capacity 6368K, committed 6528K, reserved 1056768K
  class space    used 751K, capacity 800K, committed 896K, reserved 1048576K
Event: 0.863 GC heap after
Heap after GC invocations=1 (full 0):
 PSYoungGen      total 17920K, used 2528K [0x00000000ec000000, 0x00000000ee300000, 0x0000000100000000)
  eden space 15360K, 0% used [0x00000000ec000000,0x00000000ec000000,0x00000000ecf00000)
  from space 2560K, 98% used [0x00000000ecf00000,0x00000000ed178128,0x00000000ed180000)
  to   space 2560K, 0% used [0x00000000ee080000,0x00000000ee080000,0x00000000ee300000)
 ParOldGen       total 40960K, used 114K [0x00000000c4000000, 0x00000000c6800000, 0x00000000ec000000)
  object space 40960K, 0% used [0x00000000c4000000,0x00000000c401c8b8,0x00000000c6800000)
 Metaspace       used 6162K, capacity 6368K, committed 6528K, reserved 1056768K
  class space    used 751K, capacity 800K, committed 896K, reserved 1048576K
}
Event: 1.116 GC heap before
{Heap before GC invocations=2 (full 0):
 PSYoungGen      total 17920K, used 17888K [0x00000000ec000000, 0x00000000ee300000, 0x0000000100000000)
  eden space 15360K, 100% used [0x00000000ec000000,0x00000000ecf00000,0x00000000ecf00000)
  from space 2560K, 98% used [0x00000000ecf00000,0x00000000ed178128,0x00000000ed180000)
  to   space 2560K, 0% used [0x00000000ee080000,0x00000000ee080000,0x00000000ee300000)
 ParOldGen       total 40960K, used 114K [0x00000000c4000000, 0x00000000c6800000, 0x00000000ec000000)
  object space 40960K, 0% used [0x00000000c4000000,0x00000000c401c8b8,0x00000000c6800000)
 Metaspace       used 7959K, capacity 8128K, committed 8320K, reserved 1056768K
  class space    used 1023K, capacity 1088K, committed 1152K, reserved 1048576K
Event: 1.126 GC heap after
Heap after GC invocations=2 (full 0):
 PSYoungGen      total 33280K, used 2550K [0x00000000ec000000, 0x00000000ee300000, 0x0000000100000000)
  eden space 30720K, 0% used [0x00000000ec000000,0x00000000ec000000,0x00000000ede00000)
  from space 2560K, 99% used [0x00000000ee080000,0x00000000ee2fdad8,0x00000000ee300000)
  to   space 2560K, 0% used [0x00000000ede00000,0x00000000ede00000,0x00000000ee080000)
 ParOldGen       total 40960K, used 909K [0x00000000c4000000, 0x00000000c6800000, 0x00000000ec000000)
  object space 40960K, 2% used [0x00000000c4000000,0x00000000c40e36a0,0x00000000c6800000)
 Metaspace       used 7959K, capacity 8128K, committed 8320K, reserved 1056768K
  class space    used 1023K, capacity 1088K, committed 1152K, reserved 1048576K
}
Event: 1.547 GC heap before
{Heap before GC invocations=3 (full 0):
 PSYoungGen      total 33280K, used 33270K [0x00000000ec000000, 0x00000000ee300000, 0x0000000100000000)
  eden space 30720K, 100% used [0x00000000ec000000,0x00000000ede00000,0x00000000ede00000)
  from space 2560K, 99% used [0x00000000ee080000,0x00000000ee2fdad8,0x00000000ee300000)
  to   space 2560K, 0% used [0x00000000ede00000,0x00000000ede00000,0x00000000ee080000)
 ParOldGen       total 40960K, used 909K [0x00000000c4000000, 0x00000000c6800000, 0x00000000ec000000)
  object space 40960K, 2% used [0x00000000c4000000,0x00000000c40e36a0,0x00000000c6800000)
 Metaspace       used 10042K, capacity 10264K, committed 10496K, reserved 1058816K
  class space    used 1344K, capacity 1416K, committed 1536K, reserved 1048576K
Event: 1.577 GC heap after
Heap after GC invocations=3 (full 0):
 PSYoungGen      total 33280K, used 2528K [0x00000000ec000000, 0x00000000f0100000, 0x0000000100000000)
  eden space 30720K, 0% used [0x00000000ec000000,0x00000000ec000000,0x00000000ede00000)
  from space 2560K, 98% used [0x00000000ede00000,0x00000000ee078040,0x00000000ee080000)
  to   space 2560K, 0% used [0x00000000efe80000,0x00000000efe80000,0x00000000f0100000)
 ParOldGen       total 40960K, used 2709K [0x00000000c4000000, 0x00000000c6800000, 0x00000000ec000000)
  object space 40960K, 6% used [0x00000000c4000000,0x00000000c42a5458,0x00000000c6800000)
 Metaspace       used 10042K, capacity 10264K, committed 10496K, reserved 1058816K
  class space    used 1344K, capacity 1416K, committed 1536K, reserved 1048576K
}
Event: 2.086 GC heap before
{Heap before GC invocations=4 (full 0):
 PSYoungGen      total 33280K, used 33248K [0x00000000ec000000, 0x00000000f0100000, 0x0000000100000000)
  eden space 30720K, 100% used [0x00000000ec000000,0x00000000ede00000,0x00000000ede00000)
  from space 2560K, 98% used [0x00000000ede00000,0x00000000ee078040,0x00000000ee080000)
  to   space 2560K, 0% used [0x00000000efe80000,0x00000000efe80000,0x00000000f0100000)
 ParOldGen       total 40960K, used 2709K [0x00000000c4000000, 0x00000000c6800000, 0x00000000ec000000)
  object space 40960K, 6% used [0x00000000c4000000,0x00000000c42a5458,0x00000000c6800000)
 Metaspace       used 15383K, capacity 15608K, committed 15744K, reserved 1062912K
  class space    used 2049K, capacity 2152K, committed 2176K, reserved 1048576K
Event: 2.104 GC heap after
Heap after GC invocations=4 (full 0):
 PSYoungGen      total 64000K, used 2544K [0x00000000ec000000, 0x00000000f0100000, 0x0000000100000000)
  eden space 61440K, 0% used [0x00000000ec000000,0x00000000ec000000,0x00000000efc00000)
  from space 2560K, 99% used [0x00000000efe80000,0x00000000f00fc030,0x00000000f0100000)
  to   space 2560K, 0% used [0x00000000efc00000,0x00000000efc00000,0x00000000efe80000)
 ParOldGen       total 40960K, used 8143K [0x00000000c4000000, 0x00000000c6800000, 0x00000000ec000000)
  object space 40960K, 19% used [0x00000000c4000000,0x00000000c47f3ca0,0x00000000c6800000)
 Metaspace       used 15383K, capacity 15608K, committed 15744K, reserved 1062912K
  class space    used 2049K, capacity 2152K, committed 2176K, reserved 1048576K
}
Event: 36.025 GC heap before
{Heap before GC invocations=5 (full 0):
 PSYoungGen      total 64000K, used 60725K [0x00000000ec000000, 0x00000000f0100000, 0x0000000100000000)
  eden space 61440K, 94% used [0x00000000ec000000,0x00000000ef8d1728,0x00000000efc00000)
  from space 2560K, 99% used [0x00000000efe80000,0x00000000f00fc030,0x00000000f0100000)
  to   space 2560K, 0% used [0x00000000efc00000,0x00000000efc00000,0x00000000efe80000)
 ParOldGen       total 40960K, used 8143K [0x00000000c4000000, 0x00000000c6800000, 0x00000000ec000000)
  object space 40960K, 19% used [0x00000000c4000000,0x00000000c47f3ca0,0x00000000c6800000)
 Metaspace       used 20917K, capacity 21132K, committed 21296K, reserved 1067008K
  class space    used 2811K, capacity 2901K, committed 2944K, reserved 1048576K

Deoptimization events (10 events):
Event: 7.524 Thread 0x00007f200000a000 Uncommon trap: reason=unstable_if action=reinterpret pc=0x00007f1ff121cea0 method=java.util.HashMap.getNode(ILjava/lang/Object;)Ljava/util/HashMap$Node; @ 53
Event: 7.576 Thread 0x00007f200000a000 Uncommon trap: reason=unstable_if action=reinterpret pc=0x00007f1ff12b5f78 method=java.util.HashMap.hash(Ljava/lang/Object;)I @ 1
Event: 7.583 Thread 0x00007f200000a000 Uncommon trap: reason=unstable_if action=reinterpret pc=0x00007f1ff1247e1c method=java.util.HashMap.putVal(ILjava/lang/Object;Ljava/lang/Object;ZZ)Ljava/lang/Object; @ 85
Event: 8.067 Thread 0x00007f200000a000 Uncommon trap: reason=class_check action=maybe_recompile pc=0x00007f1ff132c5c4 method=java.lang.reflect.Method.equals(Ljava/lang/Object;)Z @ 5
Event: 8.078 Thread 0x00007f200000a000 Uncommon trap: reason=class_check action=maybe_recompile pc=0x00007f1ff132c5c4 method=java.lang.reflect.Method.equals(Ljava/lang/Object;)Z @ 5
Event: 9.118 Thread 0x00007f200000a000 Uncommon trap: reason=unstable_if action=reinterpret pc=0x00007f1ff12b3774 method=java.util.LinkedHashMap.afterNodeInsertion(Z)V @ 1
Event: 9.304 Thread 0x00007f200000a000 Uncommon trap: reason=class_check action=maybe_recompile pc=0x00007f1ff132c5c4 method=java.lang.reflect.Method.equals(Ljava/lang/Object;)Z @ 5
Event: 9.309 Thread 0x00007f200000a000 Uncommon trap: reason=class_check action=maybe_recompile pc=0x00007f1ff132c5c4 method=java.lang.reflect.Method.equals(Ljava/lang/Object;)Z @ 5
Event: 9.742 Thread 0x00007f200000a000 Uncommon trap: reason=class_check action=maybe_recompile pc=0x00007f1ff1308718 method=sun.misc.URLClassPath.getLoader(I)Lsun/misc/URLClassPath$Loader; @ 94
Event: 9.813 Thread 0x00007f200000a000 Uncommon trap: reason=class_check action=maybe_recompile pc=0x00007f1ff1315bc0 method=sun.misc.URLClassPath.getLoader(I)Lsun/misc/URLClassPath$Loader; @ 239

Internal exceptions (10 events):
Event: 9.825 Thread 0x00007f200000a000 Exception <a 'java/lang/ClassNotFoundException': org/gradle/api/internal/project/ProjectScriptCustomizer> (0x00000000eee284e8) thrown at [/build/openjdk-8-W2Qe27/openjdk-8-8u151-b12/src/hotspot/src/share/vm/classfile/systemDictionary.cpp, line 210]
Event: 9.828 Thread 0x00007f200000a000 Exception <a 'java/lang/ClassNotFoundException': build_6q1t1yuuyd8hmkwz0ka2kdnzdCustomizer> (0x00000000eee47618) thrown at [/build/openjdk-8-W2Qe27/openjdk-8-8u151-b12/src/hotspot/src/share/vm/classfile/systemDictionary.cpp, line 210]
Event: 9.839 Thread 0x00007f200000a000 Exception <a 'java/lang/ClassNotFoundException': groovy/lang/Closure$1BeanInfo> (0x00000000eee94e08) thrown at [/build/openjdk-8-W2Qe27/openjdk-8-8u151-b12/src/hotspot/src/share/vm/classfile/systemDictionary.cpp, line 210]
Event: 9.843 Thread 0x00007f200000a000 Exception <a 'java/lang/ClassNotFoundException': groovy/lang/ClosureBeanInfo> (0x00000000eeeaa988) thrown at [/build/openjdk-8-W2Qe27/openjdk-8-8u151-b12/src/hotspot/src/share/vm/classfile/systemDictionary.cpp, line 210]
Event: 9.845 Thread 0x00007f200000a000 Exception <a 'java/lang/ClassNotFoundException': groovy/lang/ClosureCustomizer> (0x00000000eeec0d90) thrown at [/build/openjdk-8-W2Qe27/openjdk-8-8u151-b12/src/hotspot/src/share/vm/classfile/systemDictionary.cpp, line 210]
Event: 9.853 Thread 0x00007f200000a000 Exception <a 'java/lang/ClassNotFoundException': groovy/lang/Closure$1Customizer> (0x00000000eef000e0) thrown at [/build/openjdk-8-W2Qe27/openjdk-8-8u151-b12/src/hotspot/src/share/vm/classfile/systemDictionary.cpp, line 210]
Event: 13.561 Thread 0x00007f200000a000 Exception <a 'java/lang/ClassNotFoundException': org/gradle/internal/metaobject/ConfigureDelegateBeanInfo> (0x00000000ef2dd388) thrown at [/build/openjdk-8-W2Qe27/openjdk-8-8u151-b12/src/hotspot/src/share/vm/classfile/systemDictionary.cpp, line 210]
Event: 13.570 Thread 0x00007f200000a000 Exception <a 'java/lang/ClassNotFoundException': org/gradle/internal/metaobject/ConfigureDelegateCustomizer> (0x00000000ef2fe128) thrown at [/build/openjdk-8-W2Qe27/openjdk-8-8u151-b12/src/hotspot/src/share/vm/classfile/systemDictionary.cpp, line 210]
Event: 14.028 Thread 0x00007f200000a000 Exception <a 'java/lang/ClassNotFoundException': org/gradle/api/internal/initialization/DefaultScriptHandlerBeanInfo> (0x00000000ef35bfc0) thrown at [/build/openjdk-8-W2Qe27/openjdk-8-8u151-b12/src/hotspot/src/share/vm/classfile/systemDictionary.cpp, line
Event: 14.030 Thread 0x00007f200000a000 Exception <a 'java/lang/ClassNotFoundException': org/gradle/api/internal/initialization/DefaultScriptHandlerCustomizer> (0x00000000ef383658) thrown at [/build/openjdk-8-W2Qe27/openjdk-8-8u151-b12/src/hotspot/src/share/vm/classfile/systemDictionary.cpp, li

Events (10 events):
Event: 25.899 loading class org/codehaus/plexus/interpolation/os/OperatingSystemUtils done
Event: 28.425 loading class org/codehaus/plexus/interpolation/os/Os
Event: 28.498 loading class org/codehaus/plexus/interpolation/os/Os done
Event: 33.684 loading class java/lang/ProcessImpl
Event: 33.895 loading class java/lang/ProcessImpl done
Event: 34.603 loading class java/lang/UNIXProcess
Event: 34.836 loading class java/lang/UNIXProcess done
Event: 35.419 loading class java/lang/UNIXProcess$Platform
Event: 35.709 loading class java/lang/UNIXProcess$Platform done
Event: 35.924 Executing VM operation: CollectForMetadataAllocation


Dynamic libraries:
00400000-00401000 r-xp 00000000 08:03 3819933                            /usr/lib/jvm/java-8-openjdk-amd64/jre/bin/java
00600000-00601000 r--p 00000000 08:03 3819933                            /usr/lib/jvm/java-8-openjdk-amd64/jre/bin/java
00601000-00602000 rw-p 00001000 08:03 3819933                            /usr/lib/jvm/java-8-openjdk-amd64/jre/bin/java
019c9000-019ea000 rw-p 00000000 00:00 0                                  [heap]
c4000000-c6800000 rw-p 00000000 00:00 0 
c6800000-ec000000 ---p 00000000 00:00 0 
ec000000-f0100000 rw-p 00000000 00:00 0 
f4d00000-100000000 ---p 00000000 00:00 0 
100000000-1002e0000 rw-p 00000000 00:00 0 
1002e0000-140000000 ---p 00000000 00:00 0 
7f1fac000000-7f1fac021000 rw-p 00000000 00:00 0 
7f1fac021000-7f1fb0000000 ---p 00000000 00:00 0 
7f1fb4000000-7f1fb4021000 rw-p 00000000 00:00 0 
7f1fb4021000-7f1fb8000000 ---p 00000000 00:00 0 
7f1fb8000000-7f1fb8021000 rw-p 00000000 00:00 0 
7f1fb8021000-7f1fbc000000 ---p 00000000 00:00 0 
7f1fbc000000-7f1fbe4bf000 rw-p 00000000 00:00 0 
7f1fbe4bf000-7f1fc0000000 ---p 00000000 00:00 0 
7f1fc0000000-7f1fc06f3000 rw-p 00000000 00:00 0 
7f1fc06f3000-7f1fc4000000 ---p 00000000 00:00 0 
7f1fc4000000-7f1fc4021000 rw-p 00000000 00:00 0 
7f1fc4021000-7f1fc8000000 ---p 00000000 00:00 0 
7f1fc8000000-7f1fc9d92000 rw-p 00000000 00:00 0 
7f1fc9d92000-7f1fcc000000 ---p 00000000 00:00 0 
7f1fcc000000-7f1fcc021000 rw-p 00000000 00:00 0 
7f1fcc021000-7f1fd0000000 ---p 00000000 00:00 0 
7f1fd0000000-7f1fd0021000 rw-p 00000000 00:00 0 
7f1fd0021000-7f1fd4000000 ---p 00000000 00:00 0 
7f1fd4000000-7f1fd4021000 rw-p 00000000 00:00 0 
7f1fd4021000-7f1fd8000000 ---p 00000000 00:00 0 
7f1fd8000000-7f1fd8021000 rw-p 00000000 00:00 0 
7f1fd8021000-7f1fdc000000 ---p 00000000 00:00 0 
7f1fdc000000-7f1fdc021000 rw-p 00000000 00:00 0 
7f1fdc021000-7f1fe0000000 ---p 00000000 00:00 0 
7f1fe21e7000-7f1fe23d3000 rw-p 00000000 00:00 0 
7f1fe23d3000-7f1fe23e7000 ---p 00000000 00:00 0 
7f1fe23e7000-7f1fe25e7000 rw-p 00000000 00:00 0 
7f1fe25e7000-7f1fe25ea000 ---p 00000000 00:00 0 
7f1fe25ea000-7f1fe28e8000 rw-p 00000000 00:00 0 
7f1fe28e8000-7f1fe2ae8000 rw-p 00000000 00:00 0 
7f1fe2ae8000-7f1fe2b61000 r--s 010fe000 08:03 3807422                    /usr/lib/jvm/java-8-openjdk-amd64/lib/tools.jar
7f1fe2b61000-7f1fe2d61000 rw-p 00000000 00:00 0 
7f1fe2d61000-7f1fe2d63000 r--s 00007000 08:03 1182969                    /home/tran/.gradle/wrapper/dists/gradle-2.14.1-all/8bnwg5hd3w55iofp58khbp6yv/gradle-2.14.1/lib/plugins/gradle-tooling-api-builders-2.14.1.jar
7f1fe2d63000-7f1fe2d66000 r--s 00008000 08:03 1182895                    /home/tran/.gradle/wrapper/dists/gradle-2.14.1-all/8bnwg5hd3w55iofp58khbp6yv/gradle-2.14.1/lib/plugins/gradle-testing-native-2.14.1.jar
7f1fe2d66000-7f1fe2d68000 r--s 00009000 08:03 1191593                    /home/tran/.gradle/wrapper/dists/gradle-2.14.1-all/8bnwg5hd3w55iofp58khbp6yv/gradle-2.14.1/lib/plugins/hamcrest-core-1.3.jar
7f1fe2d68000-7f1fe2d6e000 r--s 00033000 08:03 1191539                    /home/tran/.gradle/wrapper/dists/gradle-2.14.1-all/8bnwg5hd3w55iofp58khbp6yv/gradle-2.14.1/lib/plugins/snakeyaml-1.6.jar
7f1fe2d6e000-7f1fe2d70000 r--s 00006000 08:03 1191529                    /home/tran/.gradle/wrapper/dists/gradle-2.14.1-all/8bnwg5hd3w55iofp58khbp6yv/gradle-2.14.1/lib/plugins/jcommander-1.12.jar
7f1fe2d70000-7f1fe2d75000 r--s 00040000 08:03 1191521                    /home/tran/.gradle/wrapper/dists/gradle-2.14.1-all/8bnwg5hd3w55iofp58khbp6yv/gradle-2.14.1/lib/plugins/bsh-2.0b4.jar
7f1fe2d75000-7f1fe2d7e000 r--s 00089000 08:03 1189373                    /home/tran/.gradle/wrapper/dists/gradle-2.14.1-all/8bnwg5hd3w55iofp58khbp6yv/gradle-2.14.1/lib/plugins/testng-6.3.1.jar
7f1fe2d7e000-7f1fe2d86000 r--s 00045000 08:03 1189370                    /home/tran/.gradle/wrapper/dists/gradle-2.14.1-all/8bnwg5hd3w55iofp58khbp6yv/gradle-2.14.1/lib/plugins/junit-4.12.jar
7f1fe2d86000-7f1fe2d8c000 r--s 0002e000 08:03 1182897                    /home/tran/.gradle/wrapper/dists/gradle-2.14.1-all/8bnwg5hd3w55iofp58khbp6yv/gradle-2.14.1/lib/plugins/gradle-testing-jvm-2.14.1.jar
7f1fe2d8c000-7f1fe2d91000 r--s 00015000 08:03 1182894                    /home/tran/.gradle/wrapper/dists/gradle-2.14.1-all/8bnwg5hd3w55iofp58khbp6yv/gradle-2.14.1/lib/plugins/gradle-testing-base-2.14.1.jar
7f1fe2d91000-7f1fe2d92000 r--s 00002000 08:03 1188805                    /home/tran/.gradle/wrapper/dists/gradle-2.14.1-all/8bnwg5hd3w55iofp58khbp6yv/gradle-2.14.1/lib/plugins/sonar-batch-bootstrapper-2.9.jar
7f1fe2d92000-7f1fe2d95000 r--s 00015000 08:03 1182423                    /home/tran/.gradle/wrapper/dists/gradle-2.14.1-all/8bnwg5hd3w55iofp58khbp6yv/gradle-2.14.1/lib/plugins/gradle-sonar-2.14.1.jar
7f1fe2d95000-7f1fe2d9c000 r--s 00038000 08:03 1188844                    /home/tran/.gradle/wrapper/dists/gradle-2.14.1-all/8bnwg5hd3w55iofp58khbp6yv/gradle-2.14.1/lib/plugins/bcpg-jdk15on-1.51.jar
7f1fe2d9c000-7f1fe2d9e000 r--s 0000d000 08:03 1182448                    /home/tran/.gradle/wrapper/dists/gradle-2.14.1-all/8bnwg5hd3w55iofp58khbp6yv/gradle-2.14.1/lib/plugins/gradle-signing-2.14.1.jar
7f1fe2d9e000-7f1fe2da1000 r--s 00009000 08:03 1182336                    /home/tran/.gradle/wrapper/dists/gradle-2.14.1-all/8bnwg5hd3w55iofp58khbp6yv/gradle-2.14.1/lib/plugins/gradle-scala-2.14.1.jar
7f1fe2da1000-7f1fe2da2000 r--s 00004000 08:03 1182958                    /home/tran/.gradle/wrapper/dists/gradle-2.14.1-all/8bnwg5hd3w55iofp58khbp6yv/gradle-2.14.1/lib/plugins/gradle-resources-sftp-2.14.1.jar
7f1fe2da2000-7f1fe2db2000 r--s 00088000 08:03 1190305                    /home/tran/.gradle/wrapper/dists/gradle-2.14.1-all/8bnwg5hd3w55iofp58khbp6yv/gradle-2.14.1/lib/plugins/joda-time-2.8.2.jar
7f1fe2db2000-7f1fe2dc3000 r--s 000cf000 08:03 1190302                    /home/tran/.gradle/wrapper/dists/gradle-2.14.1-all/8bnwg5hd3w55iofp58khbp6yv/gradle-2.14.1/lib/plugins/jackson-databind-2.3.2.jar
7f1fe2dc3000-7f1fe2dc5000 r--s 00007000 08:03 1189633                    /home/tran/.gradle/wrapper/dists/gradle-2.14.1-all/8bnwg5hd3w55iofp58khbp6yv/gradle-2.14.1/lib/plugins/jackson-annotations-2.3.2.jar
7f1fe2dc5000-7f1fe2dc8000 r--s 0002e000 08:03 1189628                    /home/tran/.gradle/wrapper/dists/gradle-2.14.1-all/8bnwg5hd3w55iofp58khbp6yv/gradle-2.14.1/lib/plugins/jackson-core-2.3.2.jar
7f1fe2dc8000-7f1fe2dd3000 r--s 0006b000 08:03 1189617                    /home/tran/.gradle/wrapper/dists/gradle-2.14.1-all/8bnwg5hd3w55iofp58khbp6yv/gradle-2.14.1/lib/plugins/aws-java-sdk-core-1.9.19.jar
7f1fe2dd3000-7f1fe2dd9000 r--s 00036000 08:03 1189612                    /home/tran/.gradle/wrapper/dists/gradle-2.14.1-all/8bnwg5hd3w55iofp58khbp6yv/gradle-2.14.1/lib/plugins/aws-java-sdk-kms-1.9.19.jar
7f1fe2dd9000-7f1fe2de4000 r--s 00079000 08:03 1189591                    /home/tran/.gradle/wrapper/dists/gradle-2.14.1-all/8bnwg5hd3w55iofp58khbp6yv/gradle-2.14.1/lib/plugins/aws-java-sdk-s3-1.9.19.jar
7f1fe2de4000-7f1fe2de5000 r--s 00003000 08:03 1182964                    /home/tran/.gradle/wrapper/dists/gradle-2.14.1-all/8bnwg5hd3w55iofp58khbp6yv/gradle-2.14.1/lib/plugins/gradle-resources-s3-2.14.1.jar
7f1fe2de5000-7f1fe2de7000 r--s 00005000 08:03 1189222                    /home/tran/.gradle/wrapper/dists/gradle-2.14.1-all/8bnwg5hd3w55iofp58khbp6yv/gradle-2.14.1/lib/plugins/jatl-0.2.2.jar
7f1fe2de7000-7f1fe2de9000 r--s 0000f000 08:03 1182579                    /home/tran/.gradle/wrapper/dists/gradle-2.14.1-all/8bnwg5hd3w55iofp58khbp6yv/gradle-2.14.1/lib/plugins/gradle-reporting-2.14.1.jar
7f1fe2de9000-7f1fe2deb000 r--s 00002000 08:03 1182582                    /home/tran/.gradle/wrapper/dists/gradle-2.14.1-all/8bnwg5hd3w55iofp58khbp6yv/gradle-2.14.1/lib/plugins/gradle-publish-2.14.1.jar
7f1fe2deb000-7f1fe2ded000 r--s 00009000 08:03 1187062                    /home/tran/.gradle/wrapper/dists/gradle-2.14.1-all/8bnwg5hd3w55iofp58khbp6yv/gradle-2.14.1/lib/plugins/commons-cli-1.2.jar
7f1fe2ded000-7f1fe2df3000 r--s 00033000 08:03 1182019                    /home/tran/.gradle/wrapper/dists/gradle-2.14.1-all/8bnwg5hd3w55iofp58khbp6yv/gradle-2.14.1/lib/plugins/gradle-plugins-2.14.1.jar
7f1fe2df3000-7f1fe2df5000 r--s 00007000 08:03 1182900                    /home/tran/.gradle/wrapper/dists/gradle-2.14.1-all/8bnwg5hd3w55iofp58khbp6yv/gradle-2.14.1/lib/plugins/gradle-plugin-development-2.14.1.jar
7f1fe2df5000-7f1fe2dfb000 r--s 0002a000 08:03 1182876                    /home/tran/.gradle/wrapper/dists/gradle-2.14.1-all/8bnwg5hd3w55iofp58khbp6yv/gradle-2.14.1/lib/plugins/gradle-platform-play-2.14.1.jar
7f1fe2dfb000-7f1fe2e08000 r--s 0004d000 08:03 1182868                    /home/tran/.gradle/wrapper/dists/gradle-2.14.1-all/8bnwg5hd3w55iofp58khbp6yv/gradle-2.14.1/lib/plugins/gradle-platform-native-2.14.1.jar
7f1fe2e08000-7f1fe2e0c000 r--s 0001a000 08:03 1182599                    /home/tran/.gradle/wrapper/dists/gradle-2.14.1-all/8bnwg5hd3w55iofp58khbp6yv/gradle-2.14.1/lib/plugins/gradle-platform-jvm-2.14.1.jar
7f1fe2e0c000-7f1fe2e13000 r--s 00029000 08:03 1182595                    /home/tran/.gradle/wrapper/dists/gradle-2.14.1-all/8bnwg5hd3w55iofp58khbp6yv/gradle-2.14.1/lib/plugins/gradle-platform-base-2.14.1.jar
7f1fe2e13000-7f1fe2e34000 r--s 001c3000 08:03 1188502                    /home/tran/.gradle/wrapper/dists/gradle-2.14.1-all/8bnwg5hd3w55iofp58khbp6yv/gradle-2.14.1/lib/plugins/bndlib-2.4.0.jar
7f1fe2e34000-7f1fe2e36000 r--s 00003000 08:03 1182170                    /home/tran/.gradle/wrapper/dists/gradle-2.14.1-all/8bnwg5hd3w55iofp58khbp6yv/gradle-2.14.1/lib/plugins/gradle-osgi-2.14.1.jar
7f1fe2e36000-7f1fe2e39000 r--s 0000c000 08:03 1188733                    /home/tran/.gradle/wrapper/dists/gradle-2.14.1-all/8bnwg5hd3w55iofp58khbp6yv/gradle-2.14.1/lib/plugins/pmaven-groovy-0.8-20100325.jar
7f1fe2e39000-7f1fe2e3a000 r--s 00004000 08:03 1188727                    /home/tran/.gradle/wrapper/dists/gradle-2.14.1-all/8bnwg5hd3w55iofp58khbp6yv/gradle-2.14.1/lib/plugins/pmaven-common-0.8-20100325.jar
7f1fe2e3a000-7f1fe2e40000 r--s 00022000 08:03 1182183                    /home/tran/.gradle/wrapper/dists/gradle-2.14.1-all/8bnwg5hd3w55iofp58khbp6yv/gradle-2.14.1/lib/plugins/gradle-maven-2.14.1.jar
7f1fe2e40000-7f1fe2e42000 r--s 0000a000 08:03 1182864                    /home/tran/.gradle/wrapper/dists/gradle-2.14.1-all/8bnwg5hd3w55iofp58khbp6yv/gradle-2.14.1/lib/plugins/gradle-language-scala-2.14.1.jar
7f1fe2e42000-7f1fe2e48000 r--s 0001a000 08:03 1182892                    /home/tran/.gradle/wrapper/dists/gradle-2.14.1-all/8bnwg5hd3w55iofp58khbp6yv/gradle-2.14.1/lib/plugins/gradle-language-native-2.14.1.jar
7f1fe2e48000-7f1fe2e4a000 r--s 00008000 08:03 1182731                    /home/tran/.gradle/wrapper/dists/gradle-2.14.1-all/8bnwg5hd3w55iofp58khbp6yv/gradle-2.14.1/lib/plugins/gradle-language-jvm-2.14.1.jar
7f1fe2e4a000-7f1fe2e50000 r--s 00024000 08:03 1182766                    /home/tran/.gradle/wrapper/dists/gradle-2.14.1-all/8bnwg5hd3w55iofp58khbp6yv/gradle-2.14.1/lib/plugins/gradle-language-java-2.14.1.jar
7f1fe2e50000-7f1fe2e52000 r--s 0000a000 08:03 1182789                    /home/tran/.gradle/wrapper/dists/gradle-2.14.1-all/8bnwg5hd3w55iofp58khbp6yv/gradle-2.14.1/lib/plugins/gradle-language-groovy-2.14.1.jar
7f1fe2e52000-7f1fe2e55000 r--s 0001e000 08:03 1190955                    /home/tran/.gradle/wrapper/dists/gradle-2.14.1-all/8bnwg5hd3w55iofp58khbp6yv/gradle-2.14.1/lib/plugins/jsp-api-2.1-6.1.14.jar
7f1fe2e55000-7f1fe2e78000 r--s 00344000 08:03 1190870                    /home/tran/.gradle/wrapper/dists/gradle-2.14.1-all/8bnwg5hd3w55iofp58khbp6yv/gradle-2.14.1/lib/plugins/core-3.1.1.jar
7f1fe2e78000-7f1fe2e79000 r--s 00006000 08:03 1190768                    /home/tran/.gradle/wrapper/dists/gradle-2.14.1-all/8bnwg5hd3w55iofp58khbp6yv/gradle-2.14.1/lib/plugins/jetty-naming-6.1.25.jar
7f1fe2e79000-7f1fe2e7a000 r--s 00002000 08:03 1188499                    /home/tran/.gradle/wrapper/dists/gradle-2.14.1-all/8bnwg5hd3w55iofp58khbp6yv/gradle-2.14.1/lib/plugins/geronimo-annotation_1.0_spec-1.0.jar
7f1fe2e7a000-7f1fe2e7c000 r--s 00002000 08:03 1188497                    /home/tran/.gradle/wrapper/dists/gradle-2.14.1-all/8bnwg5hd3w55iofp58khbp6yv/gradle-2.14.1/lib/plugins/jetty-annotations-6.1.25.jar
7f1fe2e7c000-7f1fe2e8d000 r--s 000ea000 08:03 1188292                    /home/tran/.gradle/wrapper/dists/gradle-2.14.1-all/8bnwg5hd3w55iofp58khbp6yv/gradle-2.14.1/lib/plugins/jsp-2.1-6.1.14.jar
7f1fe2e8d000-7f1fe2e8f000 r--s 0000d000 08:03 1187383                    /home/tran/.gradle/wrapper/dists/gradle-2.14.1-all/8bnwg5hd3w55iofp58khbp6yv/gradle-2.14.1/lib/plugins/jetty-plus-6.1.25.jar
7f1fe2e8f000-7f1fe2e91000 r--s 0001f000 08:03 1187211                    /home/tran/.gradle/wrapper/dists/gradle-2.14.1-all/8bnwg5hd3w55iofp58khbp6yv/gradle-2.14.1/lib/plugins/servlet-api-2.5-20081211.jar
7f1fe2e91000-7f1fe2e95000 r--s 00028000 08:03 1187173                    /home/tran/.gradle/wrapper/dists/gradle-2.14.1-all/8bnwg5hd3w55iofp58khbp6yv/gradle-2.14.1/lib/plugins/jetty-util-6.1.25.jar
7f1fe2e95000-7f1fe2e9c000 r--s 0007d000 08:03 1187142                    /home/tran/.gradle/wrapper/dists/gradle-2.14.1-all/8bnwg5hd3w55iofp58khbp6yv/gradle-2.14.1/lib/plugins/jetty-6.1.25.jar
7f1fe2e9c000-7f1fe2e9e000 r--s 00009000 08:03 1182079                    /home/tran/.gradle/wrapper/dists/gradle-2.14.1-all/8bnwg5hd3w55iofp58khbp6yv/gradle-2.14.1/lib/plugins/gradle-jetty-2.14.1.jar
7f1fe2e9e000-7f1fe2ea5000 r--s 00035000 08:03 1189149                    /home/tran/.gradle/wrapper/dists/gradle-2.14.1-all/8bnwg5hd3w55iofp58khbp6yv/gradle-2.14.1/lib/plugins/simple-4.1.21.jar
7f1fe2ea5000-7f1fe2eb1000 r--s 00100000 08:03 1188863                    /home/tran/.gradle/wrapper/dists/gradle-2.14.1-all/8bnwg5hd3w55iofp58khbp6yv/gradle-2.14.1/lib/plugins/rhino-1.7R3.jar
7f1fe2eb1000-7f1fe2eb5000 r--s 00011000 08:03 1182552                    /home/tran/.gradle/wrapper/dists/gradle-2.14.1-all/8bnwg5hd3w55iofp58khbp6yv/gradle-2.14.1/lib/plugins/gradle-javascript-2.14.1.jar
7f1fe2eb5000-7f1fe2eb7000 r--s 0000c000 08:03 1182586                    /home/tran/.gradle/wrapper/dists/gradle-2.14.1-all/8bnwg5hd3w55iofp58khbp6yv/gradle-2.14.1/lib/plugins/gradle-jacoco-2.14.1.jar
7f1fe2eb7000-7f1fe2eba000 r--s 0000e000 08:03 1182584                    /home/tran/.gradle/wrapper/dists/gradle-2.14.1-all/8bnwg5hd3w55iofp58khbp6yv/gradle-2.14.1/lib/plugins/gradle-ivy-2.14.1.jar
7f1fe2eba000-7f1fe2ebb000 r--s 00002000 08:03 1182890                    /home/tran/.gradle/wrapper/dists/gradle-2.14.1-all/8bnwg5hd3w55iofp58khbp6yv/gradle-2.14.1/lib/plugins/gradle-ide-play-2.14.1.jar
7f1fe2ebb000-7f1fe2ec0000 r--s 0002b000 08:03 1182893                    /home/tran/.gradle/wrapper/dists/gradle-2.14.1-all/8bnwg5hd3w55iofp58khbp6yv/gradle-2.14.1/lib/plugins/gradle-ide-native-2.14.1.jar
7f1fe2ec0000-7f1fe2ecb000 r--s 00066000 08:03 1182217                    /home/tran/.gradle/wrapper/dists/gradle-2.14.1-all/8bnwg5hd3w55iofp58khbp6yv/gradle-2.14.1/lib/plugins/gradle-ide-2.14.1.jar
7f1fe2ecb000-7f1fe2ecc000 r--s 00008000 08:03 1182456                    /home/tran/.gradle/wrapper/dists/gradle-2.14.1-all/8bnwg5hd3w55iofp58khbp6yv/gradle-2.14.1/lib/plugins/gradle-ear-2.14.1.jar
7f1fe2ecc000-7f1fe2ed2000 r--s 00032000 08:03 1182562                    /home/tran/.gradle/wrapper/dists/gradle-2.14.1-all/8bnwg5hd3w55iofp58khbp6yv/gradle-2.14.1/lib/plugins/gradle-diagnostics-2.14.1.jar
7f1fe2ed2000-7f1fe2ed6000 r--s 00021000 08:03 1182073                    /home/tran/.gradle/wrapper/dists/gradle-2.14.1-all/8bnwg5hd3w55iofp58khbp6yv/gradle-2.14.1/lib/plugins/gradle-code-quality-2.14.1.jar
7f1fe2ed6000-7f1fe2eda000 r--s 0001f000 08:03 1182594                    /home/tran/.gradle/wrapper/dists/gradle-2.14.1-all/8bnwg5hd3w55iofp58khbp6yv/gradle-2.14.1/lib/plugins/gradle-build-init-2.14.1.jar
7f1fe2eda000-7f1fe2ee1000 r--s 0008e000 08:03 1182555                    /home/tran/.gradle/wrapper/dists/gradle-2.14.1-all/8bnwg5hd3w55iofp58khbp6yv/gradle-2.14.1/lib/plugins/gradle-build-comparison-2.14.1.jar
7f1fe2ee1000-7f1fe2ee3000 r--s 00008000 08:03 1182093                    /home/tran/.gradle/wrapper/dists/gradle-2.14.1-all/8bnwg5hd3w55iofp58khbp6yv/gradle-2.14.1/lib/plugins/gradle-antlr-2.14.1.jar
7f1fe2ee3000-7f1fe2ee5000 r--s 00004000 08:03 1182298                    /home/tran/.gradle/wrapper/dists/gradle-2.14.1-all/8bnwg5hd3w55iofp58khbp6yv/gradle-2.14.1/lib/plugins/gradle-announce-2.14.1.jar
7f1fe2ee5000-7f1fe2efd000 r--s 00115000 08:03 1191557                    /home/tran/.gradle/wrapper/dists/gradle-2.14.1-all/8bnwg5hd3w55iofp58khbp6yv/gradle-2.14.1/lib/plugins/xercesImpl-2.9.1.jar
7f1fe2efd000-7f1fe2f05000 r--s 00028000 08:03 1191589                    /home/tran/.gradle/wrapper/dists/gradle-2.14.1-all/8bnwg5hd3w55iofp58khbp6yv/gradle-2.14.1/lib/plugins/xml-apis-1.3.04.jar
7f1fe2f05000-7f1fe2f0b000 r--s 0005b000 08:03 1191551                    /home/tran/.gradle/wrapper/dists/gradle-2.14.1-all/8bnwg5hd3w55iofp58khbp6yv/gradle-2.14.1/lib/plugins/jcifs-1.3.17.jar
7f1fe2f0b000-7f1fe2f12000 r--s 00049000 08:03 1191545                    /home/tran/.gradle/wrapper/dists/gradle-2.14.1-all/8bnwg5hd3w55iofp58khbp6yv/gradle-2.14.1/lib/plugins/httpcore-4.4.4.jar
7f1fe2f12000-7f1fe2f18000 r--s 00033000 08:03 1188800                    /home/tran/.gradle/wrapper/dists/gradle-2.14.1-all/8bnwg5hd3w55iofp58khbp6yv/gradle-2.14.1/lib/plugins/commons-codec-1.6.jar
7f1fe2f18000-7f1fe2f1b000 r--s 0001c000 08:03 1189390                    /home/tran/.gradle/wrapper/dists/gradle-2.14.1-all/8bnwg5hd3w55iofp58khbp6yv/gradle-2.14.1/lib/plugins/nekohtml-1.9.14.jar
7f1fe2f1b000-7f1fe2f28000 r--s 000a4000 08:03 1189379                    /home/tran/.gradle/wrapper/dists/gradle-2.14.1-all/8bnwg5hd3w55iofp58khbp6yv/gradle-2.14.1/lib/plugins/httpclient-4.4.1.jar
7f1fe2f28000-7f1fe2f2a000 r--s 0000a000 08:03 1182906                    /home/tran/.gradle/wrapper/dists/gradle-2.14.1-all/8bnwg5hd3w55iofp58khbp6yv/gradle-2.14.1/lib/plugins/gradle-resources-http-2.14.1.jar
7f1fe2f2a000-7f1fe2f2e000 r--s 00014000 08:03 1182905                    /home/tran/.gradle/wrapper/dists/gradle-2.14.1-all/8bnwg5hd3w55iofp58khbp6yv/gradle-2.14.1/lib/plugins/gradle-plugin-use-2.14.1.jar
7f1fe2f2e000-7f1fe2f2f000 r--s 00000000 08:03 1053838                    /home/tran/.gradle/wrapper/dists/gradle-2.14.1-all/8bnwg5hd3w55iofp58khbp6yv/gradle-2.14.1/lib/gradle-installation-beacon-2.14.1.jar
7f1fe2f2f000-7f1fe2f30000 r--s 00007000 08:03 1191515                    /home/tran/.gradle/wrapper/dists/gradle-2.14.1-all/8bnwg5hd3w55iofp58khbp6yv/gradle-2.14.1/lib/plugins/wagon-http-shared4-2.4.jar
7f1fe2f30000-7f1fe2f34000 r--s 00033000 08:03 1191509                    /home/tran/.gradle/wrapper/dists/gradle-2.14.1-all/8bnwg5hd3w55iofp58khbp6yv/gradle-2.14.1/lib/plugins/plexus-utils-2.0.6.jar
7f1fe2f34000-7f1fe2f38000 r--s 00021000 08:03 1191503                    /home/tran/.gradle/wrapper/dists/gradle-2.14.1-all/8bnwg5hd3w55iofp58khbp6yv/gradle-2.14.1/lib/plugins/maven-model-builder-3.0.4.jar
7f1fe2f38000-7f1fe2f39000 r--s 00002000 08:03 1191473                    /home/tran/.gradle/wrapper/dists/gradle-2.14.1-all/8bnwg5hd3w55iofp58khbp6yv/gradle-2.14.1/lib/plugins/wagon-file-2.4.jar
7f1fe2f39000-7f1fe2f79000 r--s 00277000 08:03 1190754                    /home/tran/.gradle/wrapper/dists/gradle-2.14.1-all/8bnwg5hd3w55iofp58khbp6yv/gradle-2.14.1/lib/plugins/bcprov-jdk15on-1.51.jar
7f1fe2f79000-7f1fe2f82000 r-xp 00000000 08:03 3819883                    /usr/lib/jvm/java-8-openjdk-amd64/jre/lib/amd64/libmanagement.so
7f1fe2f82000-7f1fe3181000 ---p 00009000 08:03 3819883                    /usr/lib/jvm/java-8-openjdk-amd64/jre/lib/amd64/libmanagement.so
7f1fe3181000-7f1fe3182000 r--p 00008000 08:03 3819883                    /usr/lib/jvm/java-8-openjdk-amd64/jre/lib/amd64/libmanagement.so
7f1fe3182000-7f1fe3183000 rw-p 00009000 08:03 3819883                    /usr/lib/jvm/java-8-openjdk-amd64/jre/lib/amd64/libmanagement.so
7f1fe3183000-7f1fe3198000 r-xp 00000000 08:03 3155748                    /tmp/jna6663761243953954421.tmp
7f1fe3198000-7f1fe3297000 ---p 00015000 08:03 3155748                    /tmp/jna6663761243953954421.tmp
7f1fe3297000-7f1fe3299000 rw-p 00014000 08:03 3155748                    /tmp/jna6663761243953954421.tmp
7f1fe3299000-7f1fe32be000 r-xp 00000000 08:03 5116591                    /lib/x86_64-linux-gnu/libtinfo.so.5.9
7f1fe32be000-7f1fe34bd000 ---p 00025000 08:03 5116591                    /lib/x86_64-linux-gnu/libtinfo.so.5.9
7f1fe34bd000-7f1fe34c1000 r--p 00024000 08:03 5116591                    /lib/x86_64-linux-gnu/libtinfo.so.5.9
7f1fe34c1000-7f1fe34c2000 rw-p 00028000 08:03 5116591                    /lib/x86_64-linux-gnu/libtinfo.so.5.9
7f1fe34c2000-7f1fe34e3000 r-xp 00000000 08:03 5116499                    /lib/x86_64-linux-gnu/libncurses.so.5.9
7f1fe34e3000-7f1fe36e2000 ---p 00021000 08:03 5116499                    /lib/x86_64-linux-gnu/libncurses.so.5.9
7f1fe36e2000-7f1fe36e3000 r--p 00020000 08:03 5116499                    /lib/x86_64-linux-gnu/libncurses.so.5.9
7f1fe36e3000-7f1fe36e4000 rw-p 00021000 08:03 5116499                    /lib/x86_64-linux-gnu/libncurses.so.5.9
7f1fe36e4000-7f1fe36e7000 r-xp 00000000 08:03 5403908                    /home/tran/.gradle/native/19/linux-amd64/libnative-platform-curses.so
7f1fe36e7000-7f1fe38e7000 ---p 00003000 08:03 5403908                    /home/tran/.gradle/native/19/linux-amd64/libnative-platform-curses.so
7f1fe38e7000-7f1fe38e8000 rw-p 00003000 08:03 5403908                    /home/tran/.gradle/native/19/linux-amd64/libnative-platform-curses.so
7f1fe38e8000-7f1fe38ec000 r-xp 00000000 08:03 5403906                    /home/tran/.gradle/native/19/linux-amd64/libnative-platform.so
7f1fe38ec000-7f1fe3aeb000 ---p 00004000 08:03 5403906                    /home/tran/.gradle/native/19/linux-amd64/libnative-platform.so
7f1fe3aeb000-7f1fe3aec000 rw-p 00003000 08:03 5403906                    /home/tran/.gradle/native/19/linux-amd64/libnative-platform.so
7f1fe3aec000-7f1fe3afd000 r-xp 00000000 08:03 3819911                    /usr/lib/jvm/java-8-openjdk-amd64/jre/lib/amd64/libnio.so
7f1fe3afd000-7f1fe3cfd000 ---p 00011000 08:03 3819911                    /usr/lib/jvm/java-8-openjdk-amd64/jre/lib/amd64/libnio.so
7f1fe3cfd000-7f1fe3cfe000 r--p 00011000 08:03 3819911                    /usr/lib/jvm/java-8-openjdk-amd64/jre/lib/amd64/libnio.so
7f1fe3cfe000-7f1fe3cff000 rw-p 00012000 08:03 3819911                    /usr/lib/jvm/java-8-openjdk-amd64/jre/lib/amd64/libnio.so
7f1fe3cff000-7f1fe4000000 rw-p 00000000 00:00 0 
7f1fe4000000-7f1fe4021000 rw-p 00000000 00:00 0 
7f1fe4021000-7f1fe8000000 ---p 00000000 00:00 0 
7f1fe8000000-7f1fe8002000 r--s 00002000 08:03 1191464                    /home/tran/.gradle/wrapper/dists/gradle-2.14.1-all/8bnwg5hd3w55iofp58khbp6yv/gradle-2.14.1/lib/plugins/plexus-cipher-1.7.jar
7f1fe8002000-7f1fe8005000 r--s 00013000 08:03 1191435                    /home/tran/.gradle/wrapper/dists/gradle-2.14.1-all/8bnwg5hd3w55iofp58khbp6yv/gradle-2.14.1/lib/plugins/aether-api-1.13.1.jar
7f1fe8005000-7f1fe8007000 r--s 0000a000 08:03 1191379                    /home/tran/.gradle/wrapper/dists/gradle-2.14.1-all/8bnwg5hd3w55iofp58khbp6yv/gradle-2.14.1/lib/plugins/maven-settings-3.0.4.jar
7f1fe8007000-7f1fe8009000 r--s 0000d000 08:03 1191374                    /home/tran/.gradle/wrapper/dists/gradle-2.14.1-all/8bnwg5hd3w55iofp58khbp6yv/gradle-2.14.1/lib/plugins/plexus-interpolation-1.14.jar
7f1fe8009000-7f1fe800b000 r--s 0000b000 08:03 1191354                    /home/tran/.gradle/wrapper/dists/gradle-2.14.1-all/8bnwg5hd3w55iofp58khbp6yv/gradle-2.14.1/lib/plugins/maven-artifact-3.0.4.jar
7f1fe800b000-7f1fe8012000 r--s 0002e000 08:03 1191352                    /home/tran/.gradle/wrapper/dists/gradle-2.14.1-all/8bnwg5hd3w55iofp58khbp6yv/gradle-2.14.1/lib/plugins/plexus-container-default-1.5.5.jar
7f1fe8012000-7f1fe8014000 r--s 0000b000 08:03 1191349                    /home/tran/.gradle/wrapper/dists/gradle-2.14.1-all/8bnwg5hd3w55iofp58khbp6yv/gradle-2.14.1/lib/plugins/maven-plugin-api-3.0.4.jar
7f1fe8014000-7f1fe8016000 r--s 00000000 08:03 1191591                    /home/tran/.gradle/wrapper/dists/gradle-2.14.1-all/8bnwg5hd3w55iofp58khbp6yv/gradle-2.14.1/lib/plugins/plexus-component-annotations-1.5.5.jar
7f1fe8016000-7f1fe801c000 r--s 0003f000 08:03 1191332                    /home/tran/.gradle/wrapper/dists/gradle-2.14.1-all/8bnwg5hd3w55iofp58khbp6yv/gradle-2.14.1/lib/plugins/maven-compat-3.0.4.jar
7f1fe801c000-7f1fe801f000 r--s 00008000 08:03 1191305                    /home/tran/.gradle/wrapper/dists/gradle-2.14.1-all/8bnwg5hd3w55iofp58khbp6yv/gradle-2.14.1/lib/plugins/maven-settings-builder-3.0.4.jar
7f1fe801f000-7f1fe8020000 r--s 00002000 08:03 1191293                    /home/tran/.gradle/wrapper/dists/gradle-2.14.1-all/8bnwg5hd3w55iofp58khbp6yv/gradle-2.14.1/lib/plugins/wagon-http-2.4.jar
7f1fe8020000-7f1fe8022000 r--s 00026000 08:03 1191288                    /home/tran/.gradle/wrapper/dists/gradle-2.14.1-all/8bnwg5hd3w55iofp58khbp6yv/gradle-2.14.1/lib/plugins/maven-model-3.0.4.jar
7f1fe8022000-7f1fe8024000 r--s 00006000 08:03 1191276                    /home/tran/.gradle/wrapper/dists/gradle-2.14.1-all/8bnwg5hd3w55iofp58khbp6yv/gradle-2.14.1/lib/plugins/aether-connector-wagon-1.13.1.jar
7f1fe8024000-7f1fe8026000 r--s 0000a000 08:03 1191249                    /home/tran/.gradle/wrapper/dists/gradle-2.14.1-all/8bnwg5hd3w55iofp58khbp6yv/gradle-2.14.1/lib/plugins/plexus-classworlds-2.4.jar
7f1fe8026000-7f1fe8028000 r--s 00006000 08:03 1191242                    /home/tran/.gradle/wrapper/dists/gradle-2.14.1-all/8bnwg5hd3w55iofp58khbp6yv/gradle-2.14.1/lib/plugins/maven-repository-metadata-3.0.4.jar
7f1fe8028000-7f1fe802a000 r--s 0000c000 08:03 1191234                    /home/tran/.gradle/wrapper/dists/gradle-2.14.1-all/8bnwg5hd3w55iofp58khbp6yv/gradle-2.14.1/lib/plugins/maven-aether-provider-3.0.4.jar
7f1fe802a000-7f1fe802c000 r--s 0000b000 08:03 1191232                    /home/tran/.gradle/wrapper/dists/gradle-2.14.1-all/8bnwg5hd3w55iofp58khbp6yv/gradle-2.14.1/lib/plugins/wagon-provider-api-2.4.jar
7f1fe802c000-7f1fe802d000 r--s 00003000 08:03 1191230                    /home/tran/.gradle/wrapper/dists/gradle-2.14.1-all/8bnwg5hd3w55iofp58khbp6yv/gradle-2.14.1/lib/plugins/aether-spi-1.13.1.jar
7f1fe802d000-7f1fe8031000 r--s 0001c000 08:03 1191195                    /home/tran/.gradle/wrapper/dists/gradle-2.14.1-all/8bnwg5hd3w55iofp58khbp6yv/gradle-2.14.1/lib/plugins/aether-util-1.13.1.jar
7f1fe8031000-7f1fe8034000 r--s 0001d000 08:03 1191193                    /home/tran/.gradle/wrapper/dists/gradle-2.14.1-all/8bnwg5hd3w55iofp58khbp6yv/gradle-2.14.1/lib/plugins/aether-impl-1.13.1.jar
7f1fe8034000-7f1fe8035000 r--s 00006000 08:03 1191134                    /home/tran/.gradle/wrapper/dists/gradle-2.14.1-all/8bnwg5hd3w55iofp58khbp6yv/gradle-2.14.1/lib/plugins/plexus-sec-dispatcher-1.3.jar
7f1fe8035000-7f1fe803a000 r--s 00040000 08:03 1189468                    /home/tran/.gradle/wrapper/dists/gradle-2.14.1-all/8bnwg5hd3w55iofp58khbp6yv/gradle-2.14.1/lib/plugins/jsch-0.1.53.jar
7f1fe803a000-7f1fe803e000 r--s 0001d000 08:03 1190751                    /home/tran/.gradle/wrapper/dists/gradle-2.14.1-all/8bnwg5hd3w55iofp58khbp6yv/gradle-2.14.1/lib/plugins/xbean-reflect-3.4.jar
7f1fe803e000-7f1fe804a000 r--s 0007d000 08:03 1188726                    /home/tran/.gradle/wrapper/dists/gradle-2.14.1-all/8bnwg5hd3w55iofp58khbp6yv/gradle-2.14.1/lib/plugins/maven-core-3.0.4.jar
7f1fe804a000-7f1fe804f000 r--s 0002a000 08:03 1189144                    /home/tran/.gradle/wrapper/dists/gradle-2.14.1-all/8bnwg5hd3w55iofp58khbp6yv/gradle-2.14.1/lib/plugins/gson-2.2.4.jar
7f1fe804f000-7f1fe805e000 r--s 000d9000 08:03 1190736                    /home/tran/.gradle/wrapper/dists/gradle-2.14.1-all/8bnwg5hd3w55iofp58khbp6yv/gradle-2.14.1/lib/plugins/ivy-2.2.0.jar
7f1fe805e000-7f1fe807a000 r--s 000d3000 08:03 1183081                    /home/tran/.gradle/wrapper/dists/gradle-2.14.1-all/8bnwg5hd3w55iofp58khbp6yv/gradle-2.14.1/lib/plugins/gradle-dependency-management-2.14.1.jar
7f1fe807a000-7f1fe8081000 r--s 00000000 08:03 4067918                    /usr/lib/x86_64-linux-gnu/gconv/gconv-modules.cache
7f1fe8081000-7f1fe8083000 r--s 00005000 08:03 1053837                    /home/tran/.gradle/wrapper/dists/gradle-2.14.1-all/8bnwg5hd3w55iofp58khbp6yv/gradle-2.14.1/lib/gradle-wrapper-2.14.1.jar
7f1fe8083000-7f1fe8091000 r--s 0004f000 08:03 1053844                    /home/tran/.gradle/wrapper/dists/gradle-2.14.1-all/8bnwg5hd3w55iofp58khbp6yv/gradle-2.14.1/lib/gradle-tooling-api-2.14.1.jar
7f1fe8091000-7f1fe8093000 r--s 00002000 08:03 1053864                    /home/tran/.gradle/wrapper/dists/gradle-2.14.1-all/8bnwg5hd3w55iofp58khbp6yv/gradle-2.14.1/lib/gradle-open-api-2.14.1.jar
7f1fe8093000-7f1fe8099000 r--s 00032000 08:03 1053866                    /home/tran/.gradle/wrapper/dists/gradle-2.14.1-all/8bnwg5hd3w55iofp58khbp6yv/gradle-2.14.1/lib/jaxen-1.1.jar
7f1fe8099000-7f1fe809e000 r--s 00048000 08:03 1053865                    /home/tran/.gradle/wrapper/dists/gradle-2.14.1-all/8bnwg5hd3w55iofp58khbp6yv/gradle-2.14.1/lib/dom4j-1.6.1.jar
7f1fe809e000-7f1fe80a9000 r--s 00059000 08:03 1053843                    /home/tran/.gradle/wrapper/dists/gradle-2.14.1-all/8bnwg5hd3w55iofp58khbp6yv/gradle-2.14.1/lib/gradle-ui-2.14.1.jar
7f1fe80a9000-7f1fe80ac000 r--s 0000b000 08:03 1053862                    /home/tran/.gradle/wrapper/dists/gradle-2.14.1-all/8bnwg5hd3w55iofp58khbp6yv/gradle-2.14.1/lib/gradle-resources-2.14.1.jar
7f1fe80ac000-7f1fe80ae000 r--s 00003000 08:03 1053874                    /home/tran/.gradle/wrapper/dists/gradle-2.14.1-all/8bnwg5hd3w55iofp58khbp6yv/gradle-2.14.1/lib/jcl-over-slf4j-1.7.10.jar
7f1fe80ae000-7f1fe80af000 r--s 00005000 08:03 1053873                    /home/tran/.gradle/wrapper/dists/gradle-2.14.1-all/8bnwg5hd3w55iofp58khbp6yv/gradle-2.14.1/lib/log4j-over-slf4j-1.7.10.jar
7f1fe80af000-7f1fe80b1000 r--s 00000000 08:03 1053872                    /home/tran/.gradle/wrapper/dists/gradle-2.14.1-all/8bnwg5hd3w55iofp58khbp6yv/gradle-2.14.1/lib/jul-to-slf4j-1.7.10.jar
7f1fe80b1000-7f1fe80b6000 r--s 0001c000 08:03 1053861                    /home/tran/.gradle/wrapper/dists/gradle-2.14.1-all/8bnwg5hd3w55iofp58khbp6yv/gradle-2.14.1/lib/gradle-logging-2.14.1.jar
7f1fe80b6000-7f1fe80b8000 r--s 00007000 08:03 1053885                    /home/tran/.gradle/wrapper/dists/gradle-2.14.1-all/8bnwg5hd3w55iofp58khbp6yv/gradle-2.14.1/lib/objenesis-1.2.jar
7f1fe80b8000-7f1fe80ba000 r--s 00000000 08:03 1053884                    /home/tran/.gradle/wrapper/dists/gradle-2.14.1-all/8bnwg5hd3w55iofp58khbp6yv/gradle-2.14.1/lib/minlog-1.2.jar
7f1fe80ba000-7f1fe80bc000 r--s 0000f000 08:03 1053883                    /home/tran/.gradle/wrapper/dists/gradle-2.14.1-all/8bnwg5hd3w55iofp58khbp6yv/gradle-2.14.1/lib/reflectasm-1.07-shaded.jar
7f1fe80bc000-7f1fe80c0000 r--s 00026000 08:03 1053871                    /home/tran/.gradle/wrapper/dists/gradle-2.14.1-all/8bnwg5hd3w55iofp58khbp6yv/gradle-2.14.1/lib/kryo-2.20.jar
7f1fe80c0000-7f1fe80c6000 r--s 00025000 08:03 1053860                    /home/tran/.gradle/wrapper/dists/gradle-2.14.1-all/8bnwg5hd3w55iofp58khbp6yv/gradle-2.14.1/lib/gradle-messaging-2.14.1.jar
7f1fe80c6000-7f1fe80c7000 r--s 00003000 08:03 1053882                    /home/tran/.gradle/wrapper/dists/gradle-2.14.1-all/8bnwg5hd3w55iofp58khbp6yv/gradle-2.14.1/lib/native-platform-freebsd-amd64-0.10.jar
7f1fe80c7000-7f1fe80c8000 r--s 00003000 08:03 1053881                    /home/tran/.gradle/wrapper/dists/gradle-2.14.1-all/8bnwg5hd3w55iofp58khbp6yv/gradle-2.14.1/lib/native-platform-freebsd-i386-0.10.jar
7f1fe80c8000-7f1fe80c9000 r--s 00005000 08:03 1053880                    /home/tran/.gradle/wrapper/dists/gradle-2.14.1-all/8bnwg5hd3w55iofp58khbp6yv/gradle-2.14.1/lib/native-platform-windows-i386-0.10.jar
7f1fe80c9000-7f1fe80ca000 r--s 00005000 08:03 1053879                    /home/tran/.gradle/wrapper/dists/gradle-2.14.1-all/8bnwg5hd3w55iofp58khbp6yv/gradle-2.14.1/lib/native-platform-windows-amd64-0.10.jar
7f1fe80ca000-7f1fe80cb000 r--s 00003000 08:03 1053878                    /home/tran/.gradle/wrapper/dists/gradle-2.14.1-all/8bnwg5hd3w55iofp58khbp6yv/gradle-2.14.1/lib/native-platform-linux-i386-0.10.jar
7f1fe80cb000-7f1fe80cc000 r--s 00003000 08:03 1053877                    /home/tran/.gradle/wrapper/dists/gradle-2.14.1-all/8bnwg5hd3w55iofp58khbp6yv/gradle-2.14.1/lib/native-platform-linux-amd64-0.10.jar
7f1fe80cc000-7f1fe80cd000 r--s 00002000 08:03 1053876                    /home/tran/.gradle/wrapper/dists/gradle-2.14.1-all/8bnwg5hd3w55iofp58khbp6yv/gradle-2.14.1/lib/native-platform-osx-amd64-0.10.jar
7f1fe80cd000-7f1fe80ce000 r--s 00002000 08:03 1053875                    /home/tran/.gradle/wrapper/dists/gradle-2.14.1-all/8bnwg5hd3w55iofp58khbp6yv/gradle-2.14.1/lib/native-platform-osx-i386-0.10.jar
7f1fe80ce000-7f1fe80d0000 r--s 00008000 08:03 1053869                    /home/tran/.gradle/wrapper/dists/gradle-2.14.1-all/8bnwg5hd3w55iofp58khbp6yv/gradle-2.14.1/lib/jansi-1.2.1.jar
7f1fe80d0000-7f1fe80d3000 r--s 0000d000 08:03 1053868                    /home/tran/.gradle/wrapper/dists/gradle-2.14.1-all/8bnwg5hd3w55iofp58khbp6yv/gradle-2.14.1/lib/native-platform-0.10.jar
7f1fe80d3000-7f1fe80d7000 r--s 000e4000 08:03 1053867                    /home/tran/.gradle/wrapper/dists/gradle-2.14.1-all/8bnwg5hd3w55iofp58khbp6yv/gradle-2.14.1/lib/jna-3.2.7.jar
7f1fe80d7000-7f1fe80d9000 r--s 00009000 08:03 1053845                    /home/tran/.gradle/wrapper/dists/gradle-2.14.1-all/8bnwg5hd3w55iofp58khbp6yv/gradle-2.14.1/lib/gradle-native-2.14.1.jar
7f1fe80d9000-7f1fe80db000 r--s 00005000 08:03 1053842                    /home/tran/.gradle/wrapper/dists/gradle-2.14.1-all/8bnwg5hd3w55iofp58khbp6yv/gradle-2.14.1/lib/gradle-cli-2.14.1.jar
7f1fe80db000-7f1fe80dd000 r--s 00007000 08:03 1053852                    /home/tran/.gradle/wrapper/dists/gradle-2.14.1-all/8bnwg5hd3w55iofp58khbp6yv/gradle-2.14.1/lib/gradle-model-groovy-2.14.1.jar
7f1fe80dd000-7f1fe80de000 r--s 00006000 08:03 1053859                    /home/tran/.gradle/wrapper/dists/gradle-2.14.1-all/8bnwg5hd3w55iofp58khbp6yv/gradle-2.14.1/lib/gradle-base-services-groovy-2.14.1.jar
7f1fe80de000-7f1fe80ed000 r--s 00080000 08:03 1053851                    /home/tran/.gradle/wrapper/dists/gradle-2.14.1-all/8bnwg5hd3w55iofp58khbp6yv/gradle-2.14.1/lib/gradle-model-core-2.14.1.jar
7f1fe80ed000-7f1fe80ee000 r--s 00002000 08:03 1053863                    /home/tran/.gradle/wrapper/dists/gradle-2.14.1-all/8bnwg5hd3w55iofp58khbp6yv/gradle-2.14.1/lib/gradle-docs-2.14.1.jar
7f1fe80ee000-7f1fe80ef000 r--s 00000000 08:03 1053858                    /home/tran/.gradle/wrapper/dists/gradle-2.14.1-all/8bnwg5hd3w55iofp58khbp6yv/gradle-2.14.1/lib/javax.inject-1.jar
7f1fe80ef000-7f1fe80f3000 r--s 00027000 08:03 1053856                    /home/tran/.gradle/wrapper/dists/gradle-2.14.1-all/8bnwg5hd3w55iofp58khbp6yv/gradle-2.14.1/lib/commons-io-2.2.jar
7f1fe80f3000-7f1fe8100000 r--s 00083000 08:03 1053855                    /home/tran/.gradle/wrapper/dists/gradle-2.14.1-all/8bnwg5hd3w55iofp58khbp6yv/gradle-2.14.1/lib/commons-collections-3.2.2.jar
7f1fe8100000-7f1fe816f000 r--s 0063e000 08:03 1053850                    /home/tran/.gradle/wrapper/dists/gradle-2.14.1-all/8bnwg5hd3w55iofp58khbp6yv/gradle-2.14.1/lib/groovy-all-2.4.4.jar
7f1fe816f000-7f1fe8197000 r--s 001cf000 08:03 1053847                    /home/tran/.gradle/wrapper/dists/gradle-2.14.1-all/8bnwg5hd3w55iofp58khbp6yv/gradle-2.14.1/lib/guava-jdk5-17.0.jar
7f1fe8197000-7f1fe81b6000 r--s 001d1000 08:03 1053854                    /home/tran/.gradle/wrapper/dists/gradle-2.14.1-all/8bnwg5hd3w55iofp58khbp6yv/gradle-2.14.1/lib/ant-1.9.6.jar
7f1fe81b6000-7f1fe81ed000 r--s 001bd000 08:03 1053841                    /home/tran/.gradle/wrapper/dists/gradle-2.14.1-all/8bnwg5hd3w55iofp58khbp6yv/gradle-2.14.1/lib/gradle-core-2.14.1.jar
7f1fe81ed000-7f1fe8204000 r-xp 00000000 08:03 3819899                    /usr/lib/jvm/java-8-openjdk-amd64/jre/lib/amd64/libnet.so
7f1fe8204000-7f1fe8403000 ---p 00017000 08:03 3819899                    /usr/lib/jvm/java-8-openjdk-amd64/jre/lib/amd64/libnet.so
7f1fe8403000-7f1fe8404000 r--p 00016000 08:03 3819899                    /usr/lib/jvm/java-8-openjdk-amd64/jre/lib/amd64/libnet.so
7f1fe8404000-7f1fe8405000 rw-p 00017000 08:03 3819899                    /usr/lib/jvm/java-8-openjdk-amd64/jre/lib/amd64/libnet.so
7f1fe8405000-7f1fe8420000 r--s 00394000 08:03 3819863                    /usr/lib/jvm/java-8-openjdk-amd64/jre/lib/ext/cldrdata.jar
7f1fe8420000-7f1fe843b000 r--s 001d6000 08:03 3819865                    /usr/lib/jvm/java-8-openjdk-amd64/jre/lib/ext/nashorn.jar
7f1fe843b000-7f1fe843c000 ---p 00000000 00:00 0 
7f1fe843c000-7f1fe853c000 rw-p 00000000 00:00 0 
7f1fe853c000-7f1fe853f000 ---p 00000000 00:00 0 
7f1fe853f000-7f1fe863d000 rw-p 00000000 00:00 0 
7f1fe863d000-7f1fe8640000 ---p 00000000 00:00 0 
7f1fe8640000-7f1fe873e000 rw-p 00000000 00:00 0 
7f1fe873e000-7f1fe8741000 ---p 00000000 00:00 0 
7f1fe8741000-7f1fe883f000 rw-p 00000000 00:00 0 
7f1fe883f000-7f1fe8842000 ---p 00000000 00:00 0 
7f1fe8842000-7f1fe8940000 rw-p 00000000 00:00 0 
7f1fe8940000-7f1fe8943000 ---p 00000000 00:00 0 
7f1fe8943000-7f1fe8a41000 rw-p 00000000 00:00 0 
7f1fe8a41000-7f1fe8d19000 r--p 00000000 08:03 3809055                    /usr/lib/locale/locale-archive
7f1fe8d19000-7f1fe8d1c000 ---p 00000000 00:00 0 
7f1fe8d1c000-7f1fe8e1a000 rw-p 00000000 00:00 0 
7f1fe8e1a000-7f1fe8e1d000 ---p 00000000 00:00 0 
7f1fe8e1d000-7f1fe8f1b000 rw-p 00000000 00:00 0 
7f1fe8f1b000-7f1fe8f1c000 ---p 00000000 00:00 0 
7f1fe8f1c000-7f1fe9fbb000 rw-p 00000000 00:00 0 
7f1fe9fbb000-7f1fea18a000 r--s 03c21000 08:03 3819859                    /usr/lib/jvm/java-8-openjdk-amd64/jre/lib/rt.jar
7f1fea18a000-7f1fec000000 rw-p 00000000 00:00 0 
7f1fec000000-7f1fec021000 rw-p 00000000 00:00 0 
7f1fec021000-7f1ff0000000 ---p 00000000 00:00 0 
7f1ff0000000-7f1ff0001000 r--s 00000000 08:03 1053857                    /home/tran/.gradle/wrapper/dists/gradle-2.14.1-all/8bnwg5hd3w55iofp58khbp6yv/gradle-2.14.1/lib/jcip-annotations-1.0.jar
7f1ff0001000-7f1ff0006000 r--s 00038000 08:03 1053853                    /home/tran/.gradle/wrapper/dists/gradle-2.14.1-all/8bnwg5hd3w55iofp58khbp6yv/gradle-2.14.1/lib/asm-all-5.1.jar
7f1ff0006000-7f1ff0007000 r--s 00001000 08:03 1053849                    /home/tran/.gradle/wrapper/dists/gradle-2.14.1-all/8bnwg5hd3w55iofp58khbp6yv/gradle-2.14.1/lib/gradle-process-services-2.14.1.jar
7f1ff0007000-7f1ff000f000 r--s 0003a000 08:03 1053839                    /home/tran/.gradle/wrapper/dists/gradle-2.14.1-all/8bnwg5hd3w55iofp58khbp6yv/gradle-2.14.1/lib/gradle-base-services-2.14.1.jar
7f1ff000f000-7f1ff001a000 r--s 00051000 08:03 1053836                    /home/tran/.gradle/wrapper/dists/gradle-2.14.1-all/8bnwg5hd3w55iofp58khbp6yv/gradle-2.14.1/lib/gradle-launcher-2.14.1.jar
7f1ff001a000-7f1ff0a1b000 rw-p 00000000 00:00 0 
7f1ff0a1b000-7f1ff0a1c000 ---p 00000000 00:00 0 
7f1ff0a1c000-7f1ff0b1c000 rw-p 00000000 00:00 0 
7f1ff0b1c000-7f1ff0b1d000 ---p 00000000 00:00 0 
7f1ff0b1d000-7f1ff0c1d000 rw-p 00000000 00:00 0 
7f1ff0c1d000-7f1ff0c1e000 ---p 00000000 00:00 0 
7f1ff0c1e000-7f1ff0d1e000 rw-p 00000000 00:00 0 
7f1ff0d1e000-7f1ff0d1f000 ---p 00000000 00:00 0 
7f1ff0d1f000-7f1ff0e33000 rw-p 00000000 00:00 0 
7f1ff0e33000-7f1ff0f5f000 ---p 00000000 00:00 0 
7f1ff0f5f000-7f1ff0f80000 rw-p 00000000 00:00 0 
7f1ff0f80000-7f1ff0fff000 ---p 00000000 00:00 0 
7f1ff0fff000-7f1ff1000000 rw-p 00000000 00:00 0 
7f1ff1000000-7f1ff1600000 rwxp 00000000 00:00 0 
7f1ff1600000-7f2000000000 ---p 00000000 00:00 0 
7f2000000000-7f20019c8000 rw-p 00000000 00:00 0 
7f20019c8000-7f2004000000 ---p 00000000 00:00 0 
7f2004000000-7f2004001000 r--s 00000000 08:03 1053840                    /home/tran/.gradle/wrapper/dists/gradle-2.14.1-all/8bnwg5hd3w55iofp58khbp6yv/gradle-2.14.1/lib/gradle-jvm-services-2.14.1.jar
7f2004001000-7f2004006000 r--s 00041000 08:03 1053848                    /home/tran/.gradle/wrapper/dists/gradle-2.14.1-all/8bnwg5hd3w55iofp58khbp6yv/gradle-2.14.1/lib/commons-lang-2.6.jar
7f2004006000-7f2004007000 r--s 00007000 08:03 1053846                    /home/tran/.gradle/wrapper/dists/gradle-2.14.1-all/8bnwg5hd3w55iofp58khbp6yv/gradle-2.14.1/lib/slf4j-api-1.7.10.jar
7f2004007000-7f2004011000 r--s 00116000 08:03 3819868                    /usr/lib/jvm/java-8-openjdk-amd64/jre/lib/ext/localedata.jar
7f2004011000-7f2004017000 r--s 0003a000 08:03 3819866                    /usr/lib/jvm/java-8-openjdk-amd64/jre/lib/ext/sunjce_provider.jar
7f2004017000-7f200402b000 rw-p 00000000 00:00 0 
7f200402b000-7f2004157000 ---p 00000000 00:00 0 
7f2004157000-7f200416f000 rw-p 00000000 00:00 0 
7f200416f000-7f2004517000 ---p 00000000 00:00 0 
7f2004517000-7f200451f000 r-xp 00000000 08:03 3819905                    /usr/lib/jvm/java-8-openjdk-amd64/jre/lib/amd64/libzip.so
7f200451f000-7f200471e000 ---p 00008000 08:03 3819905                    /usr/lib/jvm/java-8-openjdk-amd64/jre/lib/amd64/libzip.so
7f200471e000-7f200471f000 r--p 00007000 08:03 3819905                    /usr/lib/jvm/java-8-openjdk-amd64/jre/lib/amd64/libzip.so
7f200471f000-7f2004720000 rw-p 00008000 08:03 3819905                    /usr/lib/jvm/java-8-openjdk-amd64/jre/lib/amd64/libzip.so
7f2004720000-7f200472b000 r-xp 00000000 08:03 5116518                    /lib/x86_64-linux-gnu/libnss_files-2.23.so
7f200472b000-7f200492a000 ---p 0000b000 08:03 5116518                    /lib/x86_64-linux-gnu/libnss_files-2.23.so
7f200492a000-7f200492b000 r--p 0000a000 08:03 5116518                    /lib/x86_64-linux-gnu/libnss_files-2.23.so
7f200492b000-7f200492c000 rw-p 0000b000 08:03 5116518                    /lib/x86_64-linux-gnu/libnss_files-2.23.so
7f200492c000-7f2004932000 rw-p 00000000 00:00 0 
7f2004932000-7f200493d000 r-xp 00000000 08:03 5116528                    /lib/x86_64-linux-gnu/libnss_nis-2.23.so
7f200493d000-7f2004b3c000 ---p 0000b000 08:03 5116528                    /lib/x86_64-linux-gnu/libnss_nis-2.23.so
7f2004b3c000-7f2004b3d000 r--p 0000a000 08:03 5116528                    /lib/x86_64-linux-gnu/libnss_nis-2.23.so
7f2004b3d000-7f2004b3e000 rw-p 0000b000 08:03 5116528                    /lib/x86_64-linux-gnu/libnss_nis-2.23.so
7f2004b3e000-7f2004b54000 r-xp 00000000 08:03 5116512                    /lib/x86_64-linux-gnu/libnsl-2.23.so
7f2004b54000-7f2004d53000 ---p 00016000 08:03 5116512                    /lib/x86_64-linux-gnu/libnsl-2.23.so
7f2004d53000-7f2004d54000 r--p 00015000 08:03 5116512                    /lib/x86_64-linux-gnu/libnsl-2.23.so
7f2004d54000-7f2004d55000 rw-p 00016000 08:03 5116512                    /lib/x86_64-linux-gnu/libnsl-2.23.so
7f2004d55000-7f2004d57000 rw-p 00000000 00:00 0 
7f2004d57000-7f2004d5f000 r-xp 00000000 08:03 5116514                    /lib/x86_64-linux-gnu/libnss_compat-2.23.so
7f2004d5f000-7f2004f5e000 ---p 00008000 08:03 5116514                    /lib/x86_64-linux-gnu/libnss_compat-2.23.so
7f2004f5e000-7f2004f5f000 r--p 00007000 08:03 5116514                    /lib/x86_64-linux-gnu/libnss_compat-2.23.so
7f2004f5f000-7f2004f60000 rw-p 00008000 08:03 5116514                    /lib/x86_64-linux-gnu/libnss_compat-2.23.so
7f2004f60000-7f2004f8d000 r-xp 00000000 08:03 3819888                    /usr/lib/jvm/java-8-openjdk-amd64/jre/lib/amd64/libjava.so
7f2004f8d000-7f200518c000 ---p 0002d000 08:03 3819888                    /usr/lib/jvm/java-8-openjdk-amd64/jre/lib/amd64/libjava.so
7f200518c000-7f200518d000 r--p 0002c000 08:03 3819888                    /usr/lib/jvm/java-8-openjdk-amd64/jre/lib/amd64/libjava.so
7f200518d000-7f200518f000 rw-p 0002d000 08:03 3819888                    /usr/lib/jvm/java-8-openjdk-amd64/jre/lib/amd64/libjava.so
7f200518f000-7f200519e000 r-xp 00000000 08:03 3819903                    /usr/lib/jvm/java-8-openjdk-amd64/jre/lib/amd64/libverify.so
7f200519e000-7f200539d000 ---p 0000f000 08:03 3819903                    /usr/lib/jvm/java-8-openjdk-amd64/jre/lib/amd64/libverify.so
7f200539d000-7f200539f000 r--p 0000e000 08:03 3819903                    /usr/lib/jvm/java-8-openjdk-amd64/jre/lib/amd64/libverify.so
7f200539f000-7f20053a0000 rw-p 00010000 08:03 3819903                    /usr/lib/jvm/java-8-openjdk-amd64/jre/lib/amd64/libverify.so
7f20053a0000-7f20053a7000 r-xp 00000000 08:03 5116573                    /lib/x86_64-linux-gnu/librt-2.23.so
7f20053a7000-7f20055a6000 ---p 00007000 08:03 5116573                    /lib/x86_64-linux-gnu/librt-2.23.so
7f20055a6000-7f20055a7000 r--p 00006000 08:03 5116573                    /lib/x86_64-linux-gnu/librt-2.23.so
7f20055a7000-7f20055a8000 rw-p 00007000 08:03 5116573                    /lib/x86_64-linux-gnu/librt-2.23.so
7f20055a8000-7f20055be000 r-xp 00000000 08:03 5116457                    /lib/x86_64-linux-gnu/libgcc_s.so.1
7f20055be000-7f20057bd000 ---p 00016000 08:03 5116457                    /lib/x86_64-linux-gnu/libgcc_s.so.1
7f20057bd000-7f20057be000 rw-p 00015000 08:03 5116457                    /lib/x86_64-linux-gnu/libgcc_s.so.1
7f20057be000-7f20058c6000 r-xp 00000000 08:03 5116489                    /lib/x86_64-linux-gnu/libm-2.23.so
7f20058c6000-7f2005ac5000 ---p 00108000 08:03 5116489                    /lib/x86_64-linux-gnu/libm-2.23.so
7f2005ac5000-7f2005ac6000 r--p 00107000 08:03 5116489                    /lib/x86_64-linux-gnu/libm-2.23.so
7f2005ac6000-7f2005ac7000 rw-p 00108000 08:03 5116489                    /lib/x86_64-linux-gnu/libm-2.23.so
7f2005ac7000-7f2005c39000 r-xp 00000000 08:03 3811767                    /usr/lib/x86_64-linux-gnu/libstdc++.so.6.0.21
7f2005c39000-7f2005e39000 ---p 00172000 08:03 3811767                    /usr/lib/x86_64-linux-gnu/libstdc++.so.6.0.21
7f2005e39000-7f2005e43000 r--p 00172000 08:03 3811767                    /usr/lib/x86_64-linux-gnu/libstdc++.so.6.0.21
7f2005e43000-7f2005e45000 rw-p 0017c000 08:03 3811767                    /usr/lib/x86_64-linux-gnu/libstdc++.so.6.0.21
7f2005e45000-7f2005e49000 rw-p 00000000 00:00 0 
7f2005e49000-7f2006a9b000 r-xp 00000000 08:03 3819898                    /usr/lib/jvm/java-8-openjdk-amd64/jre/lib/amd64/server/libjvm.so
7f2006a9b000-7f2006c9b000 ---p 00c52000 08:03 3819898                    /usr/lib/jvm/java-8-openjdk-amd64/jre/lib/amd64/server/libjvm.so
7f2006c9b000-7f2006d2e000 r--p 00c52000 08:03 3819898                    /usr/lib/jvm/java-8-openjdk-amd64/jre/lib/amd64/server/libjvm.so
7f2006d2e000-7f2006d57000 rw-p 00ce5000 08:03 3819898                    /usr/lib/jvm/java-8-openjdk-amd64/jre/lib/amd64/server/libjvm.so
7f2006d57000-7f2006d87000 rw-p 00000000 00:00 0 
7f2006d87000-7f2006d9f000 r-xp 00000000 08:03 5116565                    /lib/x86_64-linux-gnu/libpthread-2.23.so
7f2006d9f000-7f2006f9e000 ---p 00018000 08:03 5116565                    /lib/x86_64-linux-gnu/libpthread-2.23.so
7f2006f9e000-7f2006f9f000 r--p 00017000 08:03 5116565                    /lib/x86_64-linux-gnu/libpthread-2.23.so
7f2006f9f000-7f2006fa0000 rw-p 00018000 08:03 5116565                    /lib/x86_64-linux-gnu/libpthread-2.23.so
7f2006fa0000-7f2006fa4000 rw-p 00000000 00:00 0 
7f2006fa4000-7f2006fa7000 r-xp 00000000 08:03 5116443                    /lib/x86_64-linux-gnu/libdl-2.23.so
7f2006fa7000-7f20071a6000 ---p 00003000 08:03 5116443                    /lib/x86_64-linux-gnu/libdl-2.23.so
7f20071a6000-7f20071a7000 r--p 00002000 08:03 5116443                    /lib/x86_64-linux-gnu/libdl-2.23.so
7f20071a7000-7f20071a8000 rw-p 00003000 08:03 5116443                    /lib/x86_64-linux-gnu/libdl-2.23.so
7f20071a8000-7f20071c1000 r-xp 00000000 08:03 5111813                    /lib/x86_64-linux-gnu/libz.so.1.2.8
7f20071c1000-7f20073c0000 ---p 00019000 08:03 5111813                    /lib/x86_64-linux-gnu/libz.so.1.2.8
7f20073c0000-7f20073c1000 r--p 00018000 08:03 5111813                    /lib/x86_64-linux-gnu/libz.so.1.2.8
7f20073c1000-7f20073c2000 rw-p 00019000 08:03 5111813                    /lib/x86_64-linux-gnu/libz.so.1.2.8
7f20073c2000-7f2007582000 r-xp 00000000 08:03 5116419                    /lib/x86_64-linux-gnu/libc-2.23.so
7f2007582000-7f2007781000 ---p 001c0000 08:03 5116419                    /lib/x86_64-linux-gnu/libc-2.23.so
7f2007781000-7f2007785000 r--p 001bf000 08:03 5116419                    /lib/x86_64-linux-gnu/libc-2.23.so
7f2007785000-7f2007787000 rw-p 001c3000 08:03 5116419                    /lib/x86_64-linux-gnu/libc-2.23.so
7f2007787000-7f200778b000 rw-p 00000000 00:00 0 
7f200778b000-7f2007798000 r-xp 00000000 08:03 3819901                    /usr/lib/jvm/java-8-openjdk-amd64/jre/lib/amd64/jli/libjli.so
7f2007798000-7f2007998000 ---p 0000d000 08:03 3819901                    /usr/lib/jvm/java-8-openjdk-amd64/jre/lib/amd64/jli/libjli.so
7f2007998000-7f2007999000 r--p 0000d000 08:03 3819901                    /usr/lib/jvm/java-8-openjdk-amd64/jre/lib/amd64/jli/libjli.so
7f2007999000-7f200799a000 rw-p 0000e000 08:03 3819901                    /usr/lib/jvm/java-8-openjdk-amd64/jre/lib/amd64/jli/libjli.so
7f200799a000-7f20079c0000 r-xp 00000000 08:03 5116391                    /lib/x86_64-linux-gnu/ld-2.23.so
7f20079c0000-7f20079c5000 r--s 0009a000 08:03 3819919                    /usr/lib/jvm/java-8-openjdk-amd64/jre/lib/jsse.jar
7f20079c5000-7f2007a9d000 rw-p 00000000 00:00 0 
7f2007a9d000-7f2007aa0000 ---p 00000000 00:00 0 
7f2007aa0000-7f2007ba3000 rw-p 00000000 00:00 0 
7f2007ba3000-7f2007ba4000 r--s 00004000 08:03 1053870                    /home/tran/.gradle/wrapper/dists/gradle-2.14.1-all/8bnwg5hd3w55iofp58khbp6yv/gradle-2.14.1/lib/ant-launcher-1.9.6.jar
7f2007ba4000-7f2007ba6000 r--s 0000b000 08:03 1193801                    /home/tran/syeApp/android/gradle/wrapper/gradle-wrapper.jar
7f2007ba6000-7f2007ba7000 r--s 00010000 08:03 3819864                    /usr/lib/jvm/java-8-openjdk-amd64/jre/lib/ext/zipfs.jar
7f2007ba7000-7f2007ba8000 r--s 0000a000 08:03 3819870                    /usr/lib/jvm/java-8-openjdk-amd64/jre/lib/ext/jaccess.jar
7f2007ba8000-7f2007bac000 r--s 00037000 08:03 3819869                    /usr/lib/jvm/java-8-openjdk-amd64/jre/lib/ext/sunpkcs11.jar
7f2007bac000-7f2007bae000 r--s 00001000 08:03 3819871                    /usr/lib/jvm/java-8-openjdk-amd64/jre/lib/ext/dnsns.jar
7f2007bae000-7f2007bb0000 r--s 00008000 08:03 3819867                    /usr/lib/jvm/java-8-openjdk-amd64/jre/lib/ext/sunec.jar
7f2007bb0000-7f2007bb3000 r--s 0000f000 08:03 3819862                    /usr/lib/jvm/java-8-openjdk-amd64/jre/lib/ext/icedtea-sound.jar
7f2007bb3000-7f2007bbb000 rw-s 00000000 08:03 3155747                    /tmp/hsperfdata_tran/8122
7f2007bbb000-7f2007bbc000 rw-p 00000000 00:00 0 
7f2007bbc000-7f2007bbd000 ---p 00000000 00:00 0 
7f2007bbd000-7f2007bbf000 rw-p 00000000 00:00 0 
7f2007bbf000-7f2007bc0000 r--p 00025000 08:03 5116391                    /lib/x86_64-linux-gnu/ld-2.23.so
7f2007bc0000-7f2007bc1000 rw-p 00026000 08:03 5116391                    /lib/x86_64-linux-gnu/ld-2.23.so
7f2007bc1000-7f2007bc2000 rw-p 00000000 00:00 0 
7ffdd6a63000-7ffdd6a84000 rw-p 00000000 00:00 0                          [stack]
7ffdd6b36000-7ffdd6b38000 r--p 00000000 00:00 0                          [vvar]
7ffdd6b38000-7ffdd6b3a000 r-xp 00000000 00:00 0                          [vdso]
ffffffffff600000-ffffffffff601000 r-xp 00000000 00:00 0                  [vsyscall]

VM Arguments:
jvm_args: -Dorg.gradle.appname=gradlew 
java_command: org.gradle.wrapper.GradleWrapperMain installDebug
java_class_path (initial): /home/tran/syeApp/android/gradle/wrapper/gradle-wrapper.jar
Launcher Type: SUN_STANDARD

Environment Variables:
PATH=/home/tran/.npm-global/bin:/usr/local/sbin:/usr/local/bin:/usr/sbin:/usr/bin:/sbin:/bin:/usr/games:/usr/local/games:/snap/bin
SHELL=/bin/bash
DISPLAY=:0

Signal Handlers:
SIGSEGV: [libjvm.so+0xa69040], sa_mask[0]=11111111011111111101111111111110, sa_flags=SA_RESTART|SA_SIGINFO
SIGBUS: [libjvm.so+0xa69040], sa_mask[0]=11111111011111111101111111111110, sa_flags=SA_RESTART|SA_SIGINFO
SIGFPE: [libjvm.so+0x8b2170], sa_mask[0]=11111111011111111101111111111110, sa_flags=SA_RESTART|SA_SIGINFO
SIGPIPE: [libjvm.so+0x8b2170], sa_mask[0]=11111111011111111101111111111110, sa_flags=SA_RESTART|SA_SIGINFO
SIGXFSZ: [libjvm.so+0x8b2170], sa_mask[0]=11111111011111111101111111111110, sa_flags=SA_RESTART|SA_SIGINFO
SIGILL: [libjvm.so+0x8b2170], sa_mask[0]=11111111011111111101111111111110, sa_flags=SA_RESTART|SA_SIGINFO
SIGUSR1: SIG_DFL, sa_mask[0]=00000000000000000000000000000000, sa_flags=none
SIGUSR2: [libjvm.so+0x8b2020], sa_mask[0]=00000000000000000000000000000000, sa_flags=SA_RESTART|SA_SIGINFO
SIGHUP: [libjvm.so+0x8b24f0], sa_mask[0]=11111111011111111101111111111110, sa_flags=SA_RESTART|SA_SIGINFO
SIGINT: [libjvm.so+0x8b24f0], sa_mask[0]=11111111011111111101111111111110, sa_flags=SA_RESTART|SA_SIGINFO
SIGTERM: [libjvm.so+0x8b24f0], sa_mask[0]=11111111011111111101111111111110, sa_flags=SA_RESTART|SA_SIGINFO
SIGQUIT: [libjvm.so+0x8b24f0], sa_mask[0]=11111111011111111101111111111110, sa_flags=SA_RESTART|SA_SIGINFO


---------------  S Y S T E M  ---------------

OS:DISTRIB_ID=Ubuntu
DISTRIB_RELEASE=16.04
DISTRIB_CODENAME=xenial
DISTRIB_DESCRIPTION="Ubuntu 16.04 LTS"

uname:Linux 4.4.0-41-generic #61-Ubuntu SMP Tue Sep 27 17:27:48 UTC 2016 x86_64
libc:glibc 2.23 NPTL 2.23 
rlimit: STACK 8192k, CORE 0k, NPROC 13988, NOFILE 65536, AS infinity
load average:8.08 2.76 2.98

/proc/meminfo:
MemTotal:        3928200 kB
MemFree:          109776 kB
MemAvailable:      31120 kB
Buffers:             688 kB
Cached:           433128 kB
SwapCached:         2160 kB
Active:          2565488 kB
Inactive:         891292 kB
Active(anon):    2564684 kB
Inactive(anon):   866908 kB
Active(file):        804 kB
Inactive(file):    24384 kB
Unevictable:          48 kB
Mlocked:              48 kB
SwapTotal:       8150012 kB
SwapFree:              0 kB
Dirty:               104 kB
Writeback:             4 kB
AnonPages:       3023288 kB
Mapped:            93092 kB
Shmem:            408064 kB
Slab:             133804 kB
SReclaimable:      66128 kB
SUnreclaim:        67676 kB
KernelStack:       17184 kB
PageTables:       100380 kB
NFS_Unstable:          0 kB
Bounce:                0 kB
WritebackTmp:          0 kB
CommitLimit:    10114112 kB
Committed_AS:   19522752 kB
VmallocTotal:   34359738367 kB
VmallocUsed:           0 kB
VmallocChunk:          0 kB
HardwareCorrupted:     0 kB
AnonHugePages:    133120 kB
CmaTotal:              0 kB
CmaFree:               0 kB
HugePages_Total:       0
HugePages_Free:        0
HugePages_Rsvd:        0
HugePages_Surp:        0
Hugepagesize:       2048 kB
DirectMap4k:      547424 kB
DirectMap2M:     3528704 kB
DirectMap1G:           0 kB


CPU:total 4 (initial active 4) (2 cores per cpu, 2 threads per core) family 6 model 142 stepping 9, cmov, cx8, fxsr, mmx, sse, sse2, sse3, ssse3, sse4.1, sse4.2, popcnt, avx, avx2, aes, clmul, erms, 3dnowpref, lzcnt, ht, tsc, tscinvbit, bmi1, bmi2, adx

/proc/cpuinfo:
processor	: 0
vendor_id	: GenuineIntel
cpu family	: 6
model		: 142
model name	: Intel(R) Core(TM) i5-7200U CPU @ 2.50GHz
stepping	: 9
microcode	: 0x5e
cpu MHz		: 2400.000
cache size	: 3072 KB
physical id	: 0
siblings	: 4
core id		: 0
cpu cores	: 2
apicid		: 0
initial apicid	: 0
fpu		: yes
fpu_exception	: yes
cpuid level	: 22
wp		: yes
flags		: fpu vme de pse tsc msr pae mce cx8 apic sep mtrr pge mca cmov pat pse36 clflush dts acpi mmx fxsr sse sse2 ss ht tm pbe syscall nx pdpe1gb rdtscp lm constant_tsc art arch_perfmon pebs bts rep_good nopl xtopology nonstop_tsc aperfmperf eagerfpu pni pclmulqdq dtes64 monitor ds_cpl vmx est tm2 ssse3 sdbg fma cx16 xtpr pdcm pcid sse4_1 sse4_2 x2apic movbe popcnt tsc_deadline_timer aes xsave avx f16c rdrand lahf_lm abm 3dnowprefetch epb intel_pt tpr_shadow vnmi flexpriority ept vpid fsgsbase tsc_adjust bmi1 avx2 smep bmi2 erms invpcid mpx rdseed adx smap clflushopt xsaveopt xsavec xgetbv1 dtherm ida arat pln pts hwp hwp_notify hwp_act_window hwp_epp
bugs		:
bogomips	: 5423.87
clflush size	: 64
cache_alignment	: 64
address sizes	: 39 bits physical, 48 bits virtual
power management:

processor	: 1
vendor_id	: GenuineIntel
cpu family	: 6
model		: 142
model name	: Intel(R) Core(TM) i5-7200U CPU @ 2.50GHz
stepping	: 9
microcode	: 0x5e
cpu MHz		: 2601.000
cache size	: 3072 KB
physical id	: 0
siblings	: 4
core id		: 1
cpu cores	: 2
apicid		: 2
initial apicid	: 2
fpu		: yes
fpu_exception	: yes
cpuid level	: 22
wp		: yes
flags		: fpu vme de pse tsc msr pae mce cx8 apic sep mtrr pge mca cmov pat pse36 clflush dts acpi mmx fxsr sse sse2 ss ht tm pbe syscall nx pdpe1gb rdtscp lm constant_tsc art arch_perfmon pebs bts rep_good nopl xtopology nonstop_tsc aperfmperf eagerfpu pni pclmulqdq dtes64 monitor ds_cpl vmx est tm2 ssse3 sdbg fma cx16 xtpr pdcm pcid sse4_1 sse4_2 x2apic movbe popcnt tsc_deadline_timer aes xsave avx f16c rdrand lahf_lm abm 3dnowprefetch epb intel_pt tpr_shadow vnmi flexpriority ept vpid fsgsbase tsc_adjust bmi1 avx2 smep bmi2 erms invpcid mpx rdseed adx smap clflushopt xsaveopt xsavec xgetbv1 dtherm ida arat pln pts hwp hwp_notify hwp_act_window hwp_epp
bugs		:
bogomips	: 5423.87
clflush size	: 64
cache_alignment	: 64
address sizes	: 39 bits physical, 48 bits virtual
power management:

processor	: 2
vendor_id	: GenuineIntel
cpu family	: 6
model		: 142
model name	: Intel(R) Core(TM) i5-7200U CPU @ 2.50GHz
stepping	: 9
microcode	: 0x5e
cpu MHz		: 2601.000
cache size	: 3072 KB
physical id	: 0
siblings	: 4
core id		: 0
cpu cores	: 2
apicid		: 1
initial apicid	: 1
fpu		: yes
fpu_exception	: yes
cpuid level	: 22
wp		: yes
flags		: fpu vme de pse tsc msr pae mce cx8 apic sep mtrr pge mca cmov pat pse36 clflush dts acpi mmx fxsr sse sse2 ss ht tm pbe syscall nx pdpe1gb rdtscp lm constant_tsc art arch_perfmon pebs bts rep_good nopl xtopology nonstop_tsc aperfmperf eagerfpu pni pclmulqdq dtes64 monitor ds_cpl vmx est tm2 ssse3 sdbg fma cx16 xtpr pdcm pcid sse4_1 sse4_2 x2apic movbe popcnt tsc_deadline_timer aes xsave avx f16c rdrand lahf_lm abm 3dnowprefetch epb intel_pt tpr_shadow vnmi flexpriority ept vpid fsgsbase tsc_adjust bmi1 avx2 smep bmi2 erms invpcid mpx rdseed adx smap clflushopt xsaveopt xsavec xgetbv1 dtherm ida arat pln pts hwp hwp_notify hwp_act_window hwp_epp
bugs		:
bogomips	: 5423.87
clflush size	: 64
cache_alignment	: 64
address sizes	: 39 bits physical, 48 bits virtual
power management:

processor	: 3
vendor_id	: GenuineIntel
cpu family	: 6
model		: 142
model name	: Intel(R) Core(TM) i5-7200U CPU @ 2.50GHz
stepping	: 9
microcode	: 0x5e
cpu MHz		: 2601.000
cache size	: 3072 KB
physical id	: 0
siblings	: 4
core id		: 1
cpu cores	: 2
apicid		: 3
initial apicid	: 3
fpu		: yes
fpu_exception	: yes
cpuid level	: 22
wp		: yes
flags		: fpu vme de pse tsc msr pae mce cx8 apic sep mtrr pge mca cmov pat pse36 clflush dts acpi mmx fxsr sse sse2 ss ht tm pbe syscall nx pdpe1gb rdtscp lm constant_tsc art arch_perfmon pebs bts rep_good nopl xtopology nonstop_tsc aperfmperf eagerfpu pni pclmulqdq dtes64 monitor ds_cpl vmx est tm2 ssse3 sdbg fma cx16 xtpr pdcm pcid sse4_1 sse4_2 x2apic movbe popcnt tsc_deadline_timer aes xsave avx f16c rdrand lahf_lm abm 3dnowprefetch epb intel_pt tpr_shadow vnmi flexpriority ept vpid fsgsbase tsc_adjust bmi1 avx2 smep bmi2 erms invpcid mpx rdseed adx smap clflushopt xsaveopt xsavec xgetbv1 dtherm ida arat pln pts hwp hwp_notify hwp_act_window hwp_epp
bugs		:
bogomips	: 5423.87
clflush size	: 64
cache_alignment	: 64
address sizes	: 39 bits physical, 48 bits virtual
power management:



Memory: 4k page, physical 3928200k(111308k free), swap 8150012k(0k free)

vm_info: OpenJDK 64-Bit Server VM (25.151-b12) for linux-amd64 JRE (1.8.0_151-8u151-b12-0ubuntu0.16.04.2-b12), built on Oct 27 2017 21:59:02 by "buildd" with gcc 5.4.0 20160609

time: Fri Feb  2 16:05:39 2018
elapsed time: 41 seconds (0d 0h 0m 41s)

